<?xml version="1.0" encoding="UTF-8"?>
<testsuite name="com.jpa.vaccinationapp.CenterApiTest" tests="11" skipped="0" failures="0" errors="0" timestamp="2024-03-20T16:12:38" hostname="MGC1XXMM9HKD" time="0.47">
  <properties/>
  <testcase name="createCenterTest()" classname="com.jpa.vaccinationapp.CenterApiTest" time="0.287"/>
  <testcase name="addVaccineToCenterTest()" classname="com.jpa.vaccinationapp.CenterApiTest" time="0.055"/>
  <testcase name="findCenterByCenterNameIsContainingIgnoreCaseTest()" classname="com.jpa.vaccinationapp.CenterApiTest" time="0.072"/>
  <testcase name="findByPincodeTest()" classname="com.jpa.vaccinationapp.CenterApiTest" time="0.008"/>
  <testcase name="getCenterByIDTest()" classname="com.jpa.vaccinationapp.CenterApiTest" time="0.003"/>
  <testcase name="getCenterByPincode()" classname="com.jpa.vaccinationapp.CenterApiTest" time="0.008"/>
  <testcase name="getAllVaccinesInCenterTest()" classname="com.jpa.vaccinationapp.CenterApiTest" time="0.004"/>
  <testcase name="removeVaccineFromCenterTest()" classname="com.jpa.vaccinationapp.CenterApiTest" time="0.01"/>
  <testcase name="updateCenterAddressAndPhone()" classname="com.jpa.vaccinationapp.CenterApiTest" time="0.013"/>
  <testcase name="updateCenterTest()" classname="com.jpa.vaccinationapp.CenterApiTest" time="0.003"/>
  <testcase name="removeCenterTest()" classname="com.jpa.vaccinationapp.CenterApiTest" time="0.002"/>
  <system-out><![CDATA[21:42:36.054 [Test worker] INFO org.springframework.test.context.support.AnnotationConfigContextLoaderUtils -- Could not detect default configuration classes for test class [com.jpa.vaccinationapp.CenterApiTest]: CenterApiTest does not declare any static, non-private, non-final, nested classes annotated with @Configuration.
21:42:36.108 [Test worker] INFO org.springframework.boot.test.context.SpringBootTestContextBootstrapper -- Found @SpringBootConfiguration com.jpa.vaccinationapp.VaccinationAppApplication for test class com.jpa.vaccinationapp.CenterApiTest

  .   ____          _            __ _ _
 /\\ / ___'_ __ _ _(_)_ __  __ _ \ \ \ \
( ( )\___ | '_ | '_| | '_ \/ _` | \ \ \ \
 \\/  ___)| |_)| | | | | || (_| |  ) ) ) )
  '  |____| .__|_| |_|_| |_\__, | / / / /
 =========|_|==============|___/=/_/_/_/
 :: Spring Boot ::                (v3.2.2)

2024-03-20T21:42:36.232+05:30  INFO 2432 --- [    Test worker] com.jpa.vaccinationapp.CenterApiTest     : Starting CenterApiTest using Java 17.0.10 with PID 2432 (started by gv14 in /Users/gv14/IdeaProjects/vaccination-app)
2024-03-20T21:42:36.232+05:30  INFO 2432 --- [    Test worker] com.jpa.vaccinationapp.CenterApiTest     : No active profile set, falling back to 1 default profile: "default"
2024-03-20T21:42:36.523+05:30  INFO 2432 --- [    Test worker] .s.d.r.c.RepositoryConfigurationDelegate : Bootstrapping Spring Data JPA repositories in DEFAULT mode.
2024-03-20T21:42:36.563+05:30  INFO 2432 --- [    Test worker] .s.d.r.c.RepositoryConfigurationDelegate : Finished Spring Data repository scanning in 37 ms. Found 7 JPA repository interfaces.
2024-03-20T21:42:36.739+05:30  INFO 2432 --- [    Test worker] o.hibernate.jpa.internal.util.LogHelper  : HHH000204: Processing PersistenceUnitInfo [name: default]
2024-03-20T21:42:36.756+05:30  INFO 2432 --- [    Test worker] org.hibernate.Version                    : HHH000412: Hibernate ORM core version 6.4.1.Final
2024-03-20T21:42:36.769+05:30  INFO 2432 --- [    Test worker] o.h.c.internal.RegionFactoryInitiator    : HHH000026: Second-level cache disabled
2024-03-20T21:42:36.846+05:30  INFO 2432 --- [    Test worker] o.s.o.j.p.SpringPersistenceUnitInfo      : No LoadTimeWeaver setup: ignoring JPA class transformer
2024-03-20T21:42:36.857+05:30  INFO 2432 --- [    Test worker] com.zaxxer.hikari.HikariDataSource       : HikariPool-1 - Starting...
2024-03-20T21:42:36.946+05:30  INFO 2432 --- [    Test worker] com.zaxxer.hikari.pool.HikariPool        : HikariPool-1 - Added connection conn0: url=jdbc:h2:file:./data/vaccine-app user=SA
2024-03-20T21:42:36.947+05:30  INFO 2432 --- [    Test worker] com.zaxxer.hikari.HikariDataSource       : HikariPool-1 - Start completed.
2024-03-20T21:42:36.957+05:30  WARN 2432 --- [    Test worker] org.hibernate.orm.deprecation            : HHH90000025: H2Dialect does not need to be specified explicitly using 'hibernate.dialect' (remove the property setting and it will be selected by default)
2024-03-20T21:42:37.373+05:30  INFO 2432 --- [    Test worker] o.h.e.t.j.p.i.JtaPlatformInitiator       : HHH000489: No JTA platform available (set 'hibernate.transaction.jta.platform' to enable JTA platform integration)
2024-03-20T21:42:37.398+05:30  INFO 2432 --- [    Test worker] j.LocalContainerEntityManagerFactoryBean : Initialized JPA EntityManagerFactory for persistence unit 'default'
2024-03-20T21:42:37.573+05:30  INFO 2432 --- [    Test worker] o.s.d.j.r.query.QueryEnhancerFactory     : Hibernate is in classpath; If applicable, HQL parser will be used.
2024-03-20T21:42:37.881+05:30  WARN 2432 --- [    Test worker] JpaBaseConfiguration$JpaWebConfiguration : spring.jpa.open-in-view is enabled by default. Therefore, database queries may be performed during view rendering. Explicitly configure spring.jpa.open-in-view to disable this warning
2024-03-20T21:42:38.047+05:30  INFO 2432 --- [    Test worker] o.s.b.a.h2.H2ConsoleAutoConfiguration    : H2 console available at '/h2-console'. Database available at 'jdbc:h2:file:./data/vaccine-app'
2024-03-20T21:42:38.085+05:30  INFO 2432 --- [    Test worker] com.jpa.vaccinationapp.CenterApiTest     : Started CenterApiTest in 1.928 seconds (process running for 2.382)
Hibernate: 
    insert 
    into
        center
        (address, admin_admin_id, center_name, contact_number, district, pincode, state, center_id) 
    values
        (?, ?, ?, ?, ?, ?, ?, default)
Hibernate: 
    insert 
    into
        vaccine
        (description, expiry_date, manufacturing_date, vaccine_name, vaccine_id) 
    values
        (?, ?, ?, ?, default)
Hibernate: 
    insert 
    into
        vaccine
        (description, expiry_date, manufacturing_date, vaccine_name, vaccine_id) 
    values
        (?, ?, ?, ?, default)
Hibernate: 
    select
        c1_0.center_id,
        c1_0.address,
        a1_0.admin_id,
        a1_0.admin_name,
        a1_0.admin_type,
        a1_0.email,
        a1_0.password,
        a1_0.phone_number,
        c1_0.center_name,
        c1_0.contact_number,
        c1_0.district,
        c1_0.pincode,
        s1_0.center_center_id,
        s1_0.id,
        s1_0.available_slots,
        s1_0.date,
        s1_0.end_time,
        s1_0.start_time,
        c1_0.state,
        vm1_0.center_center_id,
        vm1_1.vaccine_id,
        vm1_1.description,
        vm1_1.expiry_date,
        vm1_1.manufacturing_date,
        vm1_1.vaccine_name 
    from
        center c1_0 
    left join
        admin a1_0 
            on a1_0.admin_id=c1_0.admin_admin_id 
    left join
        slot s1_0 
            on c1_0.center_id=s1_0.center_center_id 
    left join
        center_vaccine_map vm1_0 
            on c1_0.center_id=vm1_0.center_center_id 
    left join
        vaccine vm1_1 
            on vm1_1.vaccine_id=vm1_0.vaccine_map_vaccine_id 
    where
        c1_0.center_id=?
Hibernate: 
    select
        v1_0.vaccine_id,
        v1_0.description,
        v1_0.expiry_date,
        v1_0.manufacturing_date,
        v1_0.vaccine_name 
    from
        vaccine v1_0 
    where
        v1_0.vaccine_id=?
Hibernate: 
    select
        c1_0.center_id,
        c1_0.address,
        a1_0.admin_id,
        a1_0.admin_name,
        a1_0.admin_type,
        a1_0.email,
        a1_0.password,
        a1_0.phone_number,
        c1_0.center_name,
        c1_0.contact_number,
        c1_0.district,
        c1_0.pincode,
        s1_0.center_center_id,
        s1_0.id,
        s1_0.available_slots,
        s1_0.date,
        s1_0.end_time,
        s1_0.start_time,
        c1_0.state 
    from
        center c1_0 
    left join
        admin a1_0 
            on a1_0.admin_id=c1_0.admin_admin_id 
    left join
        slot s1_0 
            on c1_0.center_id=s1_0.center_center_id 
    where
        c1_0.center_id=?
Hibernate: 
    select
        vm1_0.center_center_id,
        vm1_1.vaccine_id,
        vm1_1.description,
        vm1_1.expiry_date,
        vm1_1.manufacturing_date,
        vm1_1.vaccine_name 
    from
        center_vaccine_map vm1_0 
    join
        vaccine vm1_1 
            on vm1_1.vaccine_id=vm1_0.vaccine_map_vaccine_id 
    where
        vm1_0.center_center_id=?
Hibernate: 
    select
        v1_0.vaccine_id,
        v1_0.description,
        v1_0.expiry_date,
        v1_0.manufacturing_date,
        v1_0.vaccine_name 
    from
        vaccine v1_0 
    where
        v1_0.vaccine_id=?
Hibernate: 
    insert 
    into
        center_vaccine_map
        (center_center_id, vaccine_map_vaccine_id) 
    values
        (?, ?)
Hibernate: 
    select
        c1_0.center_id,
        c1_0.address,
        a1_0.admin_id,
        a1_0.admin_name,
        a1_0.admin_type,
        a1_0.email,
        a1_0.password,
        a1_0.phone_number,
        c1_0.center_name,
        c1_0.contact_number,
        c1_0.district,
        c1_0.pincode,
        s1_0.center_center_id,
        s1_0.id,
        s1_0.available_slots,
        s1_0.date,
        s1_0.end_time,
        s1_0.start_time,
        c1_0.state,
        vm1_0.center_center_id,
        vm1_1.vaccine_id,
        vm1_1.description,
        vm1_1.expiry_date,
        vm1_1.manufacturing_date,
        vm1_1.vaccine_name 
    from
        center c1_0 
    left join
        admin a1_0 
            on a1_0.admin_id=c1_0.admin_admin_id 
    left join
        slot s1_0 
            on c1_0.center_id=s1_0.center_center_id 
    left join
        center_vaccine_map vm1_0 
            on c1_0.center_id=vm1_0.center_center_id 
    left join
        vaccine vm1_1 
            on vm1_1.vaccine_id=vm1_0.vaccine_map_vaccine_id 
    where
        c1_0.center_id=?
Hibernate: 
    select
        v1_0.vaccine_id,
        v1_0.description,
        v1_0.expiry_date,
        v1_0.manufacturing_date,
        v1_0.vaccine_name 
    from
        vaccine v1_0 
    where
        v1_0.vaccine_id=?
Hibernate: 
    select
        c1_0.center_id,
        c1_0.address,
        a1_0.admin_id,
        a1_0.admin_name,
        a1_0.admin_type,
        a1_0.email,
        a1_0.password,
        a1_0.phone_number,
        c1_0.center_name,
        c1_0.contact_number,
        c1_0.district,
        c1_0.pincode,
        s1_0.center_center_id,
        s1_0.id,
        s1_0.available_slots,
        s1_0.date,
        s1_0.end_time,
        s1_0.start_time,
        c1_0.state 
    from
        center c1_0 
    left join
        admin a1_0 
            on a1_0.admin_id=c1_0.admin_admin_id 
    left join
        slot s1_0 
            on c1_0.center_id=s1_0.center_center_id 
    where
        c1_0.center_id=?
Hibernate: 
    select
        vm1_0.center_center_id,
        vm1_1.vaccine_id,
        vm1_1.description,
        vm1_1.expiry_date,
        vm1_1.manufacturing_date,
        vm1_1.vaccine_name 
    from
        center_vaccine_map vm1_0 
    join
        vaccine vm1_1 
            on vm1_1.vaccine_id=vm1_0.vaccine_map_vaccine_id 
    where
        vm1_0.center_center_id=?
Hibernate: 
    select
        v1_0.vaccine_id,
        v1_0.description,
        v1_0.expiry_date,
        v1_0.manufacturing_date,
        v1_0.vaccine_name 
    from
        vaccine v1_0 
    where
        v1_0.vaccine_id=?
Hibernate: 
    insert 
    into
        center_vaccine_map
        (center_center_id, vaccine_map_vaccine_id) 
    values
        (?, ?)
Hibernate: 
    select
        c1_0.center_id,
        c1_0.address,
        a1_0.admin_id,
        a1_0.admin_name,
        a1_0.admin_type,
        a1_0.email,
        a1_0.password,
        a1_0.phone_number,
        c1_0.center_name,
        c1_0.contact_number,
        c1_0.district,
        c1_0.pincode,
        s1_0.center_center_id,
        s1_0.id,
        s1_0.available_slots,
        s1_0.date,
        s1_0.end_time,
        s1_0.start_time,
        c1_0.state,
        vm1_0.center_center_id,
        vm1_1.vaccine_id,
        vm1_1.description,
        vm1_1.expiry_date,
        vm1_1.manufacturing_date,
        vm1_1.vaccine_name 
    from
        center c1_0 
    left join
        admin a1_0 
            on a1_0.admin_id=c1_0.admin_admin_id 
    left join
        slot s1_0 
            on c1_0.center_id=s1_0.center_center_id 
    left join
        center_vaccine_map vm1_0 
            on c1_0.center_id=vm1_0.center_center_id 
    left join
        vaccine vm1_1 
            on vm1_1.vaccine_id=vm1_0.vaccine_map_vaccine_id 
    where
        c1_0.center_id=?
Center{centerId=22, centerName='Alpha Health', address='No:485, krishnar street, polur, Arakkonam', pincode='631003', district='Ranipet', state='Tamil Nadu', contactNumber='9593813109', vaccineMap=[com.jpa.vaccinationapp.vaccine.Vaccine@22, com.jpa.vaccinationapp.vaccine.Vaccine@23], slots=[], admin=null}
Hibernate: 
    select
        c1_0.center_id,
        c1_0.address,
        c1_0.admin_admin_id,
        c1_0.center_name,
        c1_0.contact_number,
        c1_0.district,
        c1_0.pincode,
        c1_0.state 
    from
        center c1_0 
    where
        upper(c1_0.center_name) like upper(?) escape '\'
Hibernate: 
    select
        vm1_0.center_center_id,
        vm1_1.vaccine_id,
        vm1_1.description,
        vm1_1.expiry_date,
        vm1_1.manufacturing_date,
        vm1_1.vaccine_name 
    from
        center_vaccine_map vm1_0 
    join
        vaccine vm1_1 
            on vm1_1.vaccine_id=vm1_0.vaccine_map_vaccine_id 
    where
        vm1_0.center_center_id=?
Hibernate: 
    select
        s1_0.center_center_id,
        s1_0.id,
        s1_0.available_slots,
        s1_0.date,
        s1_0.end_time,
        s1_0.start_time,
        a1_0.slot_id,
        a1_0.booking_id,
        a1_0.booking_date,
        c2_0.certificate_id,
        c2_0.approved_status,
        c2_0.certificate_url,
        c2_0.date_of_vaccination,
        a1_0.patient_patient_id,
        p1_0.patient_id,
        p1_0.address,
        p1_0.email,
        p1_0.password,
        p1_0.patient_name,
        p1_0.phone_number,
        p1_0.registration_date,
        v1_0.vaccine_id,
        v1_0.description,
        v1_0.expiry_date,
        v1_0.manufacturing_date,
        v1_0.vaccine_name,
        a1_0.vaccine_status 
    from
        slot s1_0 
    left join
        appointment a1_0 
            on s1_0.id=a1_0.slot_id 
    left join
        certificate c2_0 
            on c2_0.certificate_id=a1_0.certificate_certificate_id 
    left join
        patient p1_0 
            on p1_0.patient_id=a1_0.patient_patient_id 
    left join
        vaccine v1_0 
            on v1_0.vaccine_id=a1_0.vaccine_vaccine_id 
    where
        s1_0.center_center_id=?
Hibernate: 
    select
        vm1_0.center_center_id,
        vm1_1.vaccine_id,
        vm1_1.description,
        vm1_1.expiry_date,
        vm1_1.manufacturing_date,
        vm1_1.vaccine_name 
    from
        center_vaccine_map vm1_0 
    join
        vaccine vm1_1 
            on vm1_1.vaccine_id=vm1_0.vaccine_map_vaccine_id 
    where
        vm1_0.center_center_id=?
Hibernate: 
    select
        s1_0.center_center_id,
        s1_0.id,
        s1_0.available_slots,
        s1_0.date,
        s1_0.end_time,
        s1_0.start_time,
        a1_0.slot_id,
        a1_0.booking_id,
        a1_0.booking_date,
        c2_0.certificate_id,
        c2_0.approved_status,
        c2_0.certificate_url,
        c2_0.date_of_vaccination,
        a1_0.patient_patient_id,
        p1_0.patient_id,
        p1_0.address,
        p1_0.email,
        p1_0.password,
        p1_0.patient_name,
        p1_0.phone_number,
        p1_0.registration_date,
        v1_0.vaccine_id,
        v1_0.description,
        v1_0.expiry_date,
        v1_0.manufacturing_date,
        v1_0.vaccine_name,
        a1_0.vaccine_status 
    from
        slot s1_0 
    left join
        appointment a1_0 
            on s1_0.id=a1_0.slot_id 
    left join
        certificate c2_0 
            on c2_0.certificate_id=a1_0.certificate_certificate_id 
    left join
        patient p1_0 
            on p1_0.patient_id=a1_0.patient_patient_id 
    left join
        vaccine v1_0 
            on v1_0.vaccine_id=a1_0.vaccine_vaccine_id 
    where
        s1_0.center_center_id=?
Hibernate: 
    select
        c1_0.center_id,
        c1_0.address,
        c1_0.admin_admin_id,
        c1_0.center_name,
        c1_0.contact_number,
        c1_0.district,
        c1_0.pincode,
        c1_0.state 
    from
        center c1_0 
    where
        c1_0.pincode=?
Hibernate: 
    select
        vm1_0.center_center_id,
        vm1_1.vaccine_id,
        vm1_1.description,
        vm1_1.expiry_date,
        vm1_1.manufacturing_date,
        vm1_1.vaccine_name 
    from
        center_vaccine_map vm1_0 
    join
        vaccine vm1_1 
            on vm1_1.vaccine_id=vm1_0.vaccine_map_vaccine_id 
    where
        vm1_0.center_center_id=?
Hibernate: 
    select
        s1_0.center_center_id,
        s1_0.id,
        s1_0.available_slots,
        s1_0.date,
        s1_0.end_time,
        s1_0.start_time,
        a1_0.slot_id,
        a1_0.booking_id,
        a1_0.booking_date,
        c2_0.certificate_id,
        c2_0.approved_status,
        c2_0.certificate_url,
        c2_0.date_of_vaccination,
        a1_0.patient_patient_id,
        p1_0.patient_id,
        p1_0.address,
        p1_0.email,
        p1_0.password,
        p1_0.patient_name,
        p1_0.phone_number,
        p1_0.registration_date,
        v1_0.vaccine_id,
        v1_0.description,
        v1_0.expiry_date,
        v1_0.manufacturing_date,
        v1_0.vaccine_name,
        a1_0.vaccine_status 
    from
        slot s1_0 
    left join
        appointment a1_0 
            on s1_0.id=a1_0.slot_id 
    left join
        certificate c2_0 
            on c2_0.certificate_id=a1_0.certificate_certificate_id 
    left join
        patient p1_0 
            on p1_0.patient_id=a1_0.patient_patient_id 
    left join
        vaccine v1_0 
            on v1_0.vaccine_id=a1_0.vaccine_vaccine_id 
    where
        s1_0.center_center_id=?
Hibernate: 
    select
        c1_0.center_id,
        c1_0.address,
        a1_0.admin_id,
        a1_0.admin_name,
        a1_0.admin_type,
        a1_0.email,
        a1_0.password,
        a1_0.phone_number,
        c1_0.center_name,
        c1_0.contact_number,
        c1_0.district,
        c1_0.pincode,
        s1_0.center_center_id,
        s1_0.id,
        s1_0.available_slots,
        s1_0.date,
        s1_0.end_time,
        s1_0.start_time,
        c1_0.state,
        vm1_0.center_center_id,
        vm1_1.vaccine_id,
        vm1_1.description,
        vm1_1.expiry_date,
        vm1_1.manufacturing_date,
        vm1_1.vaccine_name 
    from
        center c1_0 
    left join
        admin a1_0 
            on a1_0.admin_id=c1_0.admin_admin_id 
    left join
        slot s1_0 
            on c1_0.center_id=s1_0.center_center_id 
    left join
        center_vaccine_map vm1_0 
            on c1_0.center_id=vm1_0.center_center_id 
    left join
        vaccine vm1_1 
            on vm1_1.vaccine_id=vm1_0.vaccine_map_vaccine_id 
    where
        c1_0.center_id=?
Hibernate: 
    select
        c1_0.center_id,
        c1_0.address,
        a1_0.admin_id,
        a1_0.admin_name,
        a1_0.admin_type,
        a1_0.email,
        a1_0.password,
        a1_0.phone_number,
        c1_0.center_name,
        c1_0.contact_number,
        c1_0.district,
        c1_0.pincode,
        s1_0.center_center_id,
        s1_0.id,
        s1_0.available_slots,
        s1_0.date,
        s1_0.end_time,
        s1_0.start_time,
        c1_0.state 
    from
        center c1_0 
    left join
        admin a1_0 
            on a1_0.admin_id=c1_0.admin_admin_id 
    left join
        slot s1_0 
            on c1_0.center_id=s1_0.center_center_id 
    where
        c1_0.center_id=?
Hibernate: 
    select
        vm1_0.center_center_id,
        vm1_1.vaccine_id,
        vm1_1.description,
        vm1_1.expiry_date,
        vm1_1.manufacturing_date,
        vm1_1.vaccine_name 
    from
        center_vaccine_map vm1_0 
    join
        vaccine vm1_1 
            on vm1_1.vaccine_id=vm1_0.vaccine_map_vaccine_id 
    where
        vm1_0.center_center_id=?
Hibernate: 
    select
        c1_0.center_id,
        c1_0.address,
        c1_0.admin_admin_id,
        c1_0.center_name,
        c1_0.contact_number,
        c1_0.district,
        c1_0.pincode,
        c1_0.state 
    from
        center c1_0 
    where
        c1_0.pincode=?
Hibernate: 
    select
        vm1_0.center_center_id,
        vm1_1.vaccine_id,
        vm1_1.description,
        vm1_1.expiry_date,
        vm1_1.manufacturing_date,
        vm1_1.vaccine_name 
    from
        center_vaccine_map vm1_0 
    join
        vaccine vm1_1 
            on vm1_1.vaccine_id=vm1_0.vaccine_map_vaccine_id 
    where
        vm1_0.center_center_id=?
Hibernate: 
    select
        s1_0.center_center_id,
        s1_0.id,
        s1_0.available_slots,
        s1_0.date,
        s1_0.end_time,
        s1_0.start_time,
        a1_0.slot_id,
        a1_0.booking_id,
        a1_0.booking_date,
        c2_0.certificate_id,
        c2_0.approved_status,
        c2_0.certificate_url,
        c2_0.date_of_vaccination,
        a1_0.patient_patient_id,
        p1_0.patient_id,
        p1_0.address,
        p1_0.email,
        p1_0.password,
        p1_0.patient_name,
        p1_0.phone_number,
        p1_0.registration_date,
        v1_0.vaccine_id,
        v1_0.description,
        v1_0.expiry_date,
        v1_0.manufacturing_date,
        v1_0.vaccine_name,
        a1_0.vaccine_status 
    from
        slot s1_0 
    left join
        appointment a1_0 
            on s1_0.id=a1_0.slot_id 
    left join
        certificate c2_0 
            on c2_0.certificate_id=a1_0.certificate_certificate_id 
    left join
        patient p1_0 
            on p1_0.patient_id=a1_0.patient_patient_id 
    left join
        vaccine v1_0 
            on v1_0.vaccine_id=a1_0.vaccine_vaccine_id 
    where
        s1_0.center_center_id=?
Hibernate: 
    select
        c1_0.center_id,
        c1_0.address,
        a1_0.admin_id,
        a1_0.admin_name,
        a1_0.admin_type,
        a1_0.email,
        a1_0.password,
        a1_0.phone_number,
        c1_0.center_name,
        c1_0.contact_number,
        c1_0.district,
        c1_0.pincode,
        s1_0.center_center_id,
        s1_0.id,
        s1_0.available_slots,
        s1_0.date,
        s1_0.end_time,
        s1_0.start_time,
        c1_0.state,
        vm1_0.center_center_id,
        vm1_1.vaccine_id,
        vm1_1.description,
        vm1_1.expiry_date,
        vm1_1.manufacturing_date,
        vm1_1.vaccine_name 
    from
        center c1_0 
    left join
        admin a1_0 
            on a1_0.admin_id=c1_0.admin_admin_id 
    left join
        slot s1_0 
            on c1_0.center_id=s1_0.center_center_id 
    left join
        center_vaccine_map vm1_0 
            on c1_0.center_id=vm1_0.center_center_id 
    left join
        vaccine vm1_1 
            on vm1_1.vaccine_id=vm1_0.vaccine_map_vaccine_id 
    where
        c1_0.center_id=?
Hibernate: 
    select
        c1_0.center_id,
        c1_0.address,
        a1_0.admin_id,
        a1_0.admin_name,
        a1_0.admin_type,
        a1_0.email,
        a1_0.password,
        a1_0.phone_number,
        c1_0.center_name,
        c1_0.contact_number,
        c1_0.district,
        c1_0.pincode,
        s1_0.center_center_id,
        s1_0.id,
        s1_0.available_slots,
        s1_0.date,
        s1_0.end_time,
        s1_0.start_time,
        c1_0.state,
        vm1_0.center_center_id,
        vm1_1.vaccine_id,
        vm1_1.description,
        vm1_1.expiry_date,
        vm1_1.manufacturing_date,
        vm1_1.vaccine_name 
    from
        center c1_0 
    left join
        admin a1_0 
            on a1_0.admin_id=c1_0.admin_admin_id 
    left join
        slot s1_0 
            on c1_0.center_id=s1_0.center_center_id 
    left join
        center_vaccine_map vm1_0 
            on c1_0.center_id=vm1_0.center_center_id 
    left join
        vaccine vm1_1 
            on vm1_1.vaccine_id=vm1_0.vaccine_map_vaccine_id 
    where
        c1_0.center_id=?
22
Hibernate: 
    select
        c1_0.center_id,
        c1_0.address,
        a1_0.admin_id,
        a1_0.admin_name,
        a1_0.admin_type,
        a1_0.email,
        a1_0.password,
        a1_0.phone_number,
        c1_0.center_name,
        c1_0.contact_number,
        c1_0.district,
        c1_0.pincode,
        s1_0.center_center_id,
        s1_0.id,
        s1_0.available_slots,
        s1_0.date,
        s1_0.end_time,
        s1_0.start_time,
        c1_0.state,
        vm1_0.center_center_id,
        vm1_1.vaccine_id,
        vm1_1.description,
        vm1_1.expiry_date,
        vm1_1.manufacturing_date,
        vm1_1.vaccine_name 
    from
        center c1_0 
    left join
        admin a1_0 
            on a1_0.admin_id=c1_0.admin_admin_id 
    left join
        slot s1_0 
            on c1_0.center_id=s1_0.center_center_id 
    left join
        center_vaccine_map vm1_0 
            on c1_0.center_id=vm1_0.center_center_id 
    left join
        vaccine vm1_1 
            on vm1_1.vaccine_id=vm1_0.vaccine_map_vaccine_id 
    where
        c1_0.center_id=?
Hibernate: 
    select
        c1_0.center_id,
        c1_0.address,
        a1_0.admin_id,
        a1_0.admin_name,
        a1_0.admin_type,
        a1_0.email,
        a1_0.password,
        a1_0.phone_number,
        c1_0.center_name,
        c1_0.contact_number,
        c1_0.district,
        c1_0.pincode,
        s1_0.center_center_id,
        s1_0.id,
        s1_0.available_slots,
        s1_0.date,
        s1_0.end_time,
        s1_0.start_time,
        c1_0.state 
    from
        center c1_0 
    left join
        admin a1_0 
            on a1_0.admin_id=c1_0.admin_admin_id 
    left join
        slot s1_0 
            on c1_0.center_id=s1_0.center_center_id 
    where
        c1_0.center_id=?
Hibernate: 
    select
        vm1_0.center_center_id,
        vm1_1.vaccine_id,
        vm1_1.description,
        vm1_1.expiry_date,
        vm1_1.manufacturing_date,
        vm1_1.vaccine_name 
    from
        center_vaccine_map vm1_0 
    join
        vaccine vm1_1 
            on vm1_1.vaccine_id=vm1_0.vaccine_map_vaccine_id 
    where
        vm1_0.center_center_id=?
Hibernate: 
    delete 
    from
        center_vaccine_map 
    where
        center_center_id=? 
        and vaccine_map_vaccine_id=?
[com.jpa.vaccinationapp.vaccine.Vaccine@23]
Hibernate: 
    select
        c1_0.center_id,
        c1_0.address,
        a1_0.admin_id,
        a1_0.admin_name,
        a1_0.admin_type,
        a1_0.email,
        a1_0.password,
        a1_0.phone_number,
        c1_0.center_name,
        c1_0.contact_number,
        c1_0.district,
        c1_0.pincode,
        s1_0.center_center_id,
        s1_0.id,
        s1_0.available_slots,
        s1_0.date,
        s1_0.end_time,
        s1_0.start_time,
        c1_0.state,
        vm1_0.center_center_id,
        vm1_1.vaccine_id,
        vm1_1.description,
        vm1_1.expiry_date,
        vm1_1.manufacturing_date,
        vm1_1.vaccine_name 
    from
        center c1_0 
    left join
        admin a1_0 
            on a1_0.admin_id=c1_0.admin_admin_id 
    left join
        slot s1_0 
            on c1_0.center_id=s1_0.center_center_id 
    left join
        center_vaccine_map vm1_0 
            on c1_0.center_id=vm1_0.center_center_id 
    left join
        vaccine vm1_1 
            on vm1_1.vaccine_id=vm1_0.vaccine_map_vaccine_id 
    where
        c1_0.center_id=?
Hibernate: 
    select
        c1_0.center_id,
        c1_0.address,
        a1_0.admin_id,
        a1_0.admin_name,
        a1_0.admin_type,
        a1_0.email,
        a1_0.password,
        a1_0.phone_number,
        c1_0.center_name,
        c1_0.contact_number,
        c1_0.district,
        c1_0.pincode,
        s1_0.center_center_id,
        s1_0.id,
        s1_0.available_slots,
        s1_0.date,
        s1_0.end_time,
        s1_0.start_time,
        c1_0.state 
    from
        center c1_0 
    left join
        admin a1_0 
            on a1_0.admin_id=c1_0.admin_admin_id 
    left join
        slot s1_0 
            on c1_0.center_id=s1_0.center_center_id 
    where
        c1_0.center_id=?
Hibernate: 
    select
        vm1_0.center_center_id,
        vm1_1.vaccine_id,
        vm1_1.description,
        vm1_1.expiry_date,
        vm1_1.manufacturing_date,
        vm1_1.vaccine_name 
    from
        center_vaccine_map vm1_0 
    join
        vaccine vm1_1 
            on vm1_1.vaccine_id=vm1_0.vaccine_map_vaccine_id 
    where
        vm1_0.center_center_id=?
Hibernate: 
    update
        center 
    set
        address=?,
        admin_admin_id=?,
        center_name=?,
        contact_number=?,
        district=?,
        pincode=?,
        state=? 
    where
        center_id=?
Hibernate: 
    select
        c1_0.center_id,
        c1_0.address,
        a1_0.admin_id,
        a1_0.admin_name,
        a1_0.admin_type,
        a1_0.email,
        a1_0.password,
        a1_0.phone_number,
        c1_0.center_name,
        c1_0.contact_number,
        c1_0.district,
        c1_0.pincode,
        s1_0.center_center_id,
        s1_0.id,
        s1_0.available_slots,
        s1_0.date,
        s1_0.end_time,
        s1_0.start_time,
        c1_0.state,
        vm1_0.center_center_id,
        vm1_1.vaccine_id,
        vm1_1.description,
        vm1_1.expiry_date,
        vm1_1.manufacturing_date,
        vm1_1.vaccine_name 
    from
        center c1_0 
    left join
        admin a1_0 
            on a1_0.admin_id=c1_0.admin_admin_id 
    left join
        slot s1_0 
            on c1_0.center_id=s1_0.center_center_id 
    left join
        center_vaccine_map vm1_0 
            on c1_0.center_id=vm1_0.center_center_id 
    left join
        vaccine vm1_1 
            on vm1_1.vaccine_id=vm1_0.vaccine_map_vaccine_id 
    where
        c1_0.center_id=?
631003
Hibernate: 
    select
        c1_0.center_id,
        c1_0.address,
        a1_0.admin_id,
        a1_0.admin_name,
        a1_0.admin_type,
        a1_0.email,
        a1_0.password,
        a1_0.phone_number,
        c1_0.center_name,
        c1_0.contact_number,
        c1_0.district,
        c1_0.pincode,
        s1_0.center_center_id,
        s1_0.id,
        s1_0.available_slots,
        s1_0.date,
        s1_0.end_time,
        s1_0.start_time,
        c1_0.state,
        vm1_0.center_center_id,
        vm1_1.vaccine_id,
        vm1_1.description,
        vm1_1.expiry_date,
        vm1_1.manufacturing_date,
        vm1_1.vaccine_name 
    from
        center c1_0 
    left join
        admin a1_0 
            on a1_0.admin_id=c1_0.admin_admin_id 
    left join
        slot s1_0 
            on c1_0.center_id=s1_0.center_center_id 
    left join
        center_vaccine_map vm1_0 
            on c1_0.center_id=vm1_0.center_center_id 
    left join
        vaccine vm1_1 
            on vm1_1.vaccine_id=vm1_0.vaccine_map_vaccine_id 
    where
        c1_0.center_id=?
Hibernate: 
    select
        c1_0.center_id,
        c1_0.address,
        a1_0.admin_id,
        a1_0.admin_name,
        a1_0.admin_type,
        a1_0.email,
        a1_0.password,
        a1_0.phone_number,
        c1_0.center_name,
        c1_0.contact_number,
        c1_0.district,
        c1_0.pincode,
        s1_0.center_center_id,
        s1_0.id,
        s1_0.available_slots,
        s1_0.date,
        s1_0.end_time,
        s1_0.start_time,
        c1_0.state,
        vm1_0.center_center_id,
        vm1_1.vaccine_id,
        vm1_1.description,
        vm1_1.expiry_date,
        vm1_1.manufacturing_date,
        vm1_1.vaccine_name 
    from
        center c1_0 
    left join
        admin a1_0 
            on a1_0.admin_id=c1_0.admin_admin_id 
    left join
        slot s1_0 
            on c1_0.center_id=s1_0.center_center_id 
    left join
        center_vaccine_map vm1_0 
            on c1_0.center_id=vm1_0.center_center_id 
    left join
        vaccine vm1_1 
            on vm1_1.vaccine_id=vm1_0.vaccine_map_vaccine_id 
    where
        c1_0.center_id=?
]]></system-out>
  <system-err><![CDATA[]]></system-err>
</testsuite>
