<?xml version="1.0" encoding="UTF-8"?>
<testsuite name="com.jpa.vaccinationapp.centerTests.CenterApiTest" tests="4" skipped="0" failures="1" errors="0" timestamp="2024-02-26T08:24:44" hostname="WGC100FY30DY3" time="2.323">
  <properties/>
  <testcase name="removeCenterTest()" classname="com.jpa.vaccinationapp.centerTests.CenterApiTest" time="2.005">
    <failure message="java.lang.RuntimeException: com.jpa.vaccinationapp.admin.AdminException: Admin already exist and please check provided details" type="java.lang.RuntimeException">java.lang.RuntimeException: com.jpa.vaccinationapp.admin.AdminException: Admin already exist and please check provided details
	at com.jpa.vaccinationapp.centerTests.CenterApiTest.removeCenterTest(CenterApiTest.java:73)
	at java.base/jdk.internal.reflect.NativeMethodAccessorImpl.invoke0(Native Method)
	at java.base/jdk.internal.reflect.NativeMethodAccessorImpl.invoke(NativeMethodAccessorImpl.java:77)
	at java.base/jdk.internal.reflect.DelegatingMethodAccessorImpl.invoke(DelegatingMethodAccessorImpl.java:43)
	at java.base/java.lang.reflect.Method.invoke(Method.java:568)
	at org.junit.platform.commons.util.ReflectionUtils.invokeMethod(ReflectionUtils.java:728)
	at org.junit.jupiter.engine.execution.MethodInvocation.proceed(MethodInvocation.java:60)
	at org.junit.jupiter.engine.execution.InvocationInterceptorChain$ValidatingInvocation.proceed(InvocationInterceptorChain.java:131)
	at org.junit.jupiter.engine.extension.TimeoutExtension.intercept(TimeoutExtension.java:156)
	at org.junit.jupiter.engine.extension.TimeoutExtension.interceptTestableMethod(TimeoutExtension.java:147)
	at org.junit.jupiter.engine.extension.TimeoutExtension.interceptTestMethod(TimeoutExtension.java:86)
	at org.junit.jupiter.engine.execution.InterceptingExecutableInvoker$ReflectiveInterceptorCall.lambda$ofVoidMethod$0(InterceptingExecutableInvoker.java:103)
	at org.junit.jupiter.engine.execution.InterceptingExecutableInvoker.lambda$invoke$0(InterceptingExecutableInvoker.java:93)
	at org.junit.jupiter.engine.execution.InvocationInterceptorChain$InterceptedInvocation.proceed(InvocationInterceptorChain.java:106)
	at org.junit.jupiter.engine.execution.InvocationInterceptorChain.proceed(InvocationInterceptorChain.java:64)
	at org.junit.jupiter.engine.execution.InvocationInterceptorChain.chainAndInvoke(InvocationInterceptorChain.java:45)
	at org.junit.jupiter.engine.execution.InvocationInterceptorChain.invoke(InvocationInterceptorChain.java:37)
	at org.junit.jupiter.engine.execution.InterceptingExecutableInvoker.invoke(InterceptingExecutableInvoker.java:92)
	at org.junit.jupiter.engine.execution.InterceptingExecutableInvoker.invoke(InterceptingExecutableInvoker.java:86)
	at org.junit.jupiter.engine.descriptor.TestMethodTestDescriptor.lambda$invokeTestMethod$7(TestMethodTestDescriptor.java:218)
	at org.junit.platform.engine.support.hierarchical.ThrowableCollector.execute(ThrowableCollector.java:73)
	at org.junit.jupiter.engine.descriptor.TestMethodTestDescriptor.invokeTestMethod(TestMethodTestDescriptor.java:214)
	at org.junit.jupiter.engine.descriptor.TestMethodTestDescriptor.execute(TestMethodTestDescriptor.java:139)
	at org.junit.jupiter.engine.descriptor.TestMethodTestDescriptor.execute(TestMethodTestDescriptor.java:69)
	at org.junit.platform.engine.support.hierarchical.NodeTestTask.lambda$executeRecursively$6(NodeTestTask.java:151)
	at org.junit.platform.engine.support.hierarchical.ThrowableCollector.execute(ThrowableCollector.java:73)
	at org.junit.platform.engine.support.hierarchical.NodeTestTask.lambda$executeRecursively$8(NodeTestTask.java:141)
	at org.junit.platform.engine.support.hierarchical.Node.around(Node.java:137)
	at org.junit.platform.engine.support.hierarchical.NodeTestTask.lambda$executeRecursively$9(NodeTestTask.java:139)
	at org.junit.platform.engine.support.hierarchical.ThrowableCollector.execute(ThrowableCollector.java:73)
	at org.junit.platform.engine.support.hierarchical.NodeTestTask.executeRecursively(NodeTestTask.java:138)
	at org.junit.platform.engine.support.hierarchical.NodeTestTask.execute(NodeTestTask.java:95)
	at java.base/java.util.ArrayList.forEach(ArrayList.java:1511)
	at org.junit.platform.engine.support.hierarchical.SameThreadHierarchicalTestExecutorService.invokeAll(SameThreadHierarchicalTestExecutorService.java:41)
	at org.junit.platform.engine.support.hierarchical.NodeTestTask.lambda$executeRecursively$6(NodeTestTask.java:155)
	at org.junit.platform.engine.support.hierarchical.ThrowableCollector.execute(ThrowableCollector.java:73)
	at org.junit.platform.engine.support.hierarchical.NodeTestTask.lambda$executeRecursively$8(NodeTestTask.java:141)
	at org.junit.platform.engine.support.hierarchical.Node.around(Node.java:137)
	at org.junit.platform.engine.support.hierarchical.NodeTestTask.lambda$executeRecursively$9(NodeTestTask.java:139)
	at org.junit.platform.engine.support.hierarchical.ThrowableCollector.execute(ThrowableCollector.java:73)
	at org.junit.platform.engine.support.hierarchical.NodeTestTask.executeRecursively(NodeTestTask.java:138)
	at org.junit.platform.engine.support.hierarchical.NodeTestTask.execute(NodeTestTask.java:95)
	at java.base/java.util.ArrayList.forEach(ArrayList.java:1511)
	at org.junit.platform.engine.support.hierarchical.SameThreadHierarchicalTestExecutorService.invokeAll(SameThreadHierarchicalTestExecutorService.java:41)
	at org.junit.platform.engine.support.hierarchical.NodeTestTask.lambda$executeRecursively$6(NodeTestTask.java:155)
	at org.junit.platform.engine.support.hierarchical.ThrowableCollector.execute(ThrowableCollector.java:73)
	at org.junit.platform.engine.support.hierarchical.NodeTestTask.lambda$executeRecursively$8(NodeTestTask.java:141)
	at org.junit.platform.engine.support.hierarchical.Node.around(Node.java:137)
	at org.junit.platform.engine.support.hierarchical.NodeTestTask.lambda$executeRecursively$9(NodeTestTask.java:139)
	at org.junit.platform.engine.support.hierarchical.ThrowableCollector.execute(ThrowableCollector.java:73)
	at org.junit.platform.engine.support.hierarchical.NodeTestTask.executeRecursively(NodeTestTask.java:138)
	at org.junit.platform.engine.support.hierarchical.NodeTestTask.execute(NodeTestTask.java:95)
	at org.junit.platform.engine.support.hierarchical.SameThreadHierarchicalTestExecutorService.submit(SameThreadHierarchicalTestExecutorService.java:35)
	at org.junit.platform.engine.support.hierarchical.HierarchicalTestExecutor.execute(HierarchicalTestExecutor.java:57)
	at org.junit.platform.engine.support.hierarchical.HierarchicalTestEngine.execute(HierarchicalTestEngine.java:54)
	at org.junit.platform.launcher.core.EngineExecutionOrchestrator.execute(EngineExecutionOrchestrator.java:107)
	at org.junit.platform.launcher.core.EngineExecutionOrchestrator.execute(EngineExecutionOrchestrator.java:88)
	at org.junit.platform.launcher.core.EngineExecutionOrchestrator.lambda$execute$0(EngineExecutionOrchestrator.java:54)
	at org.junit.platform.launcher.core.EngineExecutionOrchestrator.withInterceptedStreams(EngineExecutionOrchestrator.java:67)
	at org.junit.platform.launcher.core.EngineExecutionOrchestrator.execute(EngineExecutionOrchestrator.java:52)
	at org.junit.platform.launcher.core.DefaultLauncher.execute(DefaultLauncher.java:114)
	at org.junit.platform.launcher.core.DefaultLauncher.execute(DefaultLauncher.java:86)
	at org.junit.platform.launcher.core.DefaultLauncherSession$DelegatingLauncher.execute(DefaultLauncherSession.java:86)
	at org.gradle.api.internal.tasks.testing.junitplatform.JUnitPlatformTestClassProcessor$CollectAllTestClassesExecutor.processAllTestClasses(JUnitPlatformTestClassProcessor.java:119)
	at org.gradle.api.internal.tasks.testing.junitplatform.JUnitPlatformTestClassProcessor$CollectAllTestClassesExecutor.access$000(JUnitPlatformTestClassProcessor.java:94)
	at org.gradle.api.internal.tasks.testing.junitplatform.JUnitPlatformTestClassProcessor.stop(JUnitPlatformTestClassProcessor.java:89)
	at org.gradle.api.internal.tasks.testing.SuiteTestClassProcessor.stop(SuiteTestClassProcessor.java:62)
	at java.base/jdk.internal.reflect.NativeMethodAccessorImpl.invoke0(Native Method)
	at java.base/jdk.internal.reflect.NativeMethodAccessorImpl.invoke(NativeMethodAccessorImpl.java:77)
	at java.base/jdk.internal.reflect.DelegatingMethodAccessorImpl.invoke(DelegatingMethodAccessorImpl.java:43)
	at java.base/java.lang.reflect.Method.invoke(Method.java:568)
	at org.gradle.internal.dispatch.ReflectionDispatch.dispatch(ReflectionDispatch.java:36)
	at org.gradle.internal.dispatch.ReflectionDispatch.dispatch(ReflectionDispatch.java:24)
	at org.gradle.internal.dispatch.ContextClassLoaderDispatch.dispatch(ContextClassLoaderDispatch.java:33)
	at org.gradle.internal.dispatch.ProxyDispatchAdapter$DispatchingInvocationHandler.invoke(ProxyDispatchAdapter.java:94)
	at jdk.proxy1/jdk.proxy1.$Proxy2.stop(Unknown Source)
	at org.gradle.api.internal.tasks.testing.worker.TestWorker$3.run(TestWorker.java:193)
	at org.gradle.api.internal.tasks.testing.worker.TestWorker.executeAndMaintainThreadName(TestWorker.java:129)
	at org.gradle.api.internal.tasks.testing.worker.TestWorker.execute(TestWorker.java:100)
	at org.gradle.api.internal.tasks.testing.worker.TestWorker.execute(TestWorker.java:60)
	at org.gradle.process.internal.worker.child.ActionExecutionWorker.execute(ActionExecutionWorker.java:56)
	at org.gradle.process.internal.worker.child.SystemApplicationClassLoaderWorker.call(SystemApplicationClassLoaderWorker.java:113)
	at org.gradle.process.internal.worker.child.SystemApplicationClassLoaderWorker.call(SystemApplicationClassLoaderWorker.java:65)
	at worker.org.gradle.process.internal.worker.GradleWorkerMain.run(GradleWorkerMain.java:69)
	at worker.org.gradle.process.internal.worker.GradleWorkerMain.main(GradleWorkerMain.java:74)
Caused by: com.jpa.vaccinationapp.admin.AdminException: Admin already exist and please check provided details
	at app//com.jpa.vaccinationapp.admin.service.AdminServiceImpl.addAdmin(AdminServiceImpl.java:27)
	at app//com.jpa.vaccinationapp.centerTests.CenterApiTest.removeCenterTest(CenterApiTest.java:63)
	... 84 more
</failure>
  </testcase>
  <testcase name="createCenterTest()" classname="com.jpa.vaccinationapp.centerTests.CenterApiTest" time="0.191"/>
  <testcase name="findCenterByCenterNameIsContainingIgnoreCaseTest()" classname="com.jpa.vaccinationapp.centerTests.CenterApiTest" time="0.071"/>
  <testcase name="addVaccineToCenterTest()" classname="com.jpa.vaccinationapp.centerTests.CenterApiTest" time="0.041"/>
  <system-out><![CDATA[13:54:36.510 [Test worker] INFO org.springframework.test.context.support.AnnotationConfigContextLoaderUtils -- Could not detect default configuration classes for test class [com.jpa.vaccinationapp.centerTests.CenterApiTest]: CenterApiTest does not declare any static, non-private, non-final, nested classes annotated with @Configuration.
13:54:36.633 [Test worker] INFO org.springframework.boot.test.context.SpringBootTestContextBootstrapper -- Found @SpringBootConfiguration com.jpa.vaccinationapp.VaccinationAppApplication for test class com.jpa.vaccinationapp.centerTests.CenterApiTest

  .   ____          _            __ _ _
 /\\ / ___'_ __ _ _(_)_ __  __ _ \ \ \ \
( ( )\___ | '_ | '_| | '_ \/ _` | \ \ \ \
 \\/  ___)| |_)| | | | | || (_| |  ) ) ) )
  '  |____| .__|_| |_|_| |_\__, | / / / /
 =========|_|==============|___/=/_/_/_/
 :: Spring Boot ::                (v3.2.2)

2024-02-26T13:54:37.192+05:30  INFO 20700 --- [    Test worker] c.j.v.centerTests.CenterApiTest          : Starting CenterApiTest using Java 17.0.9 with PID 20700 (started by HS22 in C:\Users\HS22\IdeaProjects\vaccination-app)
2024-02-26T13:54:37.195+05:30  INFO 20700 --- [    Test worker] c.j.v.centerTests.CenterApiTest          : No active profile set, falling back to 1 default profile: "default"
2024-02-26T13:54:38.596+05:30  INFO 20700 --- [    Test worker] .s.d.r.c.RepositoryConfigurationDelegate : Bootstrapping Spring Data JPA repositories in DEFAULT mode.
2024-02-26T13:54:38.742+05:30  INFO 20700 --- [    Test worker] .s.d.r.c.RepositoryConfigurationDelegate : Finished Spring Data repository scanning in 132 ms. Found 7 JPA repository interfaces.
2024-02-26T13:54:39.504+05:30  INFO 20700 --- [    Test worker] o.hibernate.jpa.internal.util.LogHelper  : HHH000204: Processing PersistenceUnitInfo [name: default]
2024-02-26T13:54:39.605+05:30  INFO 20700 --- [    Test worker] org.hibernate.Version                    : HHH000412: Hibernate ORM core version 6.4.1.Final
2024-02-26T13:54:39.668+05:30  INFO 20700 --- [    Test worker] o.h.c.internal.RegionFactoryInitiator    : HHH000026: Second-level cache disabled
2024-02-26T13:54:39.978+05:30  INFO 20700 --- [    Test worker] o.s.o.j.p.SpringPersistenceUnitInfo      : No LoadTimeWeaver setup: ignoring JPA class transformer
2024-02-26T13:54:40.008+05:30  INFO 20700 --- [    Test worker] com.zaxxer.hikari.HikariDataSource       : HikariPool-1 - Starting...
2024-02-26T13:54:40.342+05:30  INFO 20700 --- [    Test worker] com.zaxxer.hikari.pool.HikariPool        : HikariPool-1 - Added connection conn0: url=jdbc:h2:file:./data/vaccine-app user=SA
2024-02-26T13:54:40.344+05:30  INFO 20700 --- [    Test worker] com.zaxxer.hikari.HikariDataSource       : HikariPool-1 - Start completed.
2024-02-26T13:54:40.369+05:30  WARN 20700 --- [    Test worker] org.hibernate.orm.deprecation            : HHH90000025: H2Dialect does not need to be specified explicitly using 'hibernate.dialect' (remove the property setting and it will be selected by default)
2024-02-26T13:54:41.646+05:30  INFO 20700 --- [    Test worker] o.h.e.t.j.p.i.JtaPlatformInitiator       : HHH000489: No JTA platform available (set 'hibernate.transaction.jta.platform' to enable JTA platform integration)
2024-02-26T13:54:41.683+05:30  INFO 20700 --- [    Test worker] j.LocalContainerEntityManagerFactoryBean : Initialized JPA EntityManagerFactory for persistence unit 'default'
2024-02-26T13:54:42.083+05:30  INFO 20700 --- [    Test worker] o.s.d.j.r.query.QueryEnhancerFactory     : Hibernate is in classpath; If applicable, HQL parser will be used.
2024-02-26T13:54:42.879+05:30  WARN 20700 --- [    Test worker] JpaBaseConfiguration$JpaWebConfiguration : spring.jpa.open-in-view is enabled by default. Therefore, database queries may be performed during view rendering. Explicitly configure spring.jpa.open-in-view to disable this warning
2024-02-26T13:54:43.902+05:30  INFO 20700 --- [    Test worker] o.s.b.a.h2.H2ConsoleAutoConfiguration    : H2 console available at '/h2-console'. Database available at 'jdbc:h2:file:./data/vaccine-app'
2024-02-26T13:54:44.018+05:30  INFO 20700 --- [    Test worker] c.j.v.centerTests.CenterApiTest          : Started CenterApiTest in 7.177 seconds (process running for 9.016)
Hibernate: 
    select
        c1_0.center_id,
        c1_0.address,
        a1_0.admin_id,
        a1_0.admin_name,
        a1_0.admin_type,
        a1_0.email,
        a1_0.password,
        a1_0.phone_number,
        c1_0.center_name,
        c1_0.contact_number,
        c1_0.district,
        c1_0.pincode,
        s1_0.center_center_id,
        s1_0.id,
        s1_0.available_slots,
        s1_0.date,
        s1_0.end_time,
        s1_0.start_time,
        c1_0.state 
    from
        center c1_0 
    left join
        admin a1_0 
            on a1_0.admin_id=c1_0.admin_admin_id 
    left join
        slot s1_0 
            on c1_0.center_id=s1_0.center_center_id 
    where
        c1_0.center_id=?
Hibernate: 
    insert 
    into
        center
        (address, admin_admin_id, center_name, contact_number, district, pincode, state, center_id) 
    values
        (?, ?, ?, ?, ?, ?, ?, default)
Hibernate: 
    select
        a1_0.admin_id,
        a1_0.admin_name,
        a1_0.admin_type,
        a1_0.email,
        a1_0.password,
        a1_0.phone_number 
    from
        admin a1_0 
    where
        upper(a1_0.email)=upper(?)
Hibernate: 
    insert 
    into
        center
        (address, admin_admin_id, center_name, contact_number, district, pincode, state, center_id) 
    values
        (?, ?, ?, ?, ?, ?, ?, default)
Hibernate: 
    select
        c1_0.center_id,
        c1_0.address,
        c1_0.admin_admin_id,
        c1_0.center_name,
        c1_0.contact_number,
        c1_0.district,
        c1_0.pincode,
        c1_0.state 
    from
        center c1_0
Hibernate: 
    select
        vm1_0.center_center_id,
        vm1_1.vaccine_id,
        vm1_1.description,
        vm1_1.expiry_date,
        vm1_1.manufacturing_date,
        vm1_1.vaccine_name 
    from
        center_vaccine_map vm1_0 
    join
        vaccine vm1_1 
            on vm1_1.vaccine_id=vm1_0.vaccine_map_vaccine_id 
    where
        vm1_0.center_center_id=?
Hibernate: 
    select
        s1_0.center_center_id,
        s1_0.id,
        s1_0.available_slots,
        s1_0.date,
        s1_0.end_time,
        s1_0.start_time,
        a1_0.slot_id,
        a1_0.booking_id,
        a1_0.booking_date,
        c2_0.certificate_id,
        c2_0.approved_status,
        c2_0.certificate_url,
        c2_0.date_of_vaccination,
        a1_0.patient_patient_id,
        p1_0.patient_id,
        p1_0.address,
        p1_0.email,
        p1_0.password,
        p1_0.patient_name,
        p1_0.phone_number,
        p1_0.registration_date,
        v1_0.vaccine_id,
        v1_0.description,
        v1_0.expiry_date,
        v1_0.manufacturing_date,
        v1_0.vaccine_name,
        a1_0.vaccine_status 
    from
        slot s1_0 
    left join
        appointment a1_0 
            on s1_0.id=a1_0.slot_id 
    left join
        certificate c2_0 
            on c2_0.certificate_id=a1_0.certificate_certificate_id 
    left join
        patient p1_0 
            on p1_0.patient_id=a1_0.patient_patient_id 
    left join
        vaccine v1_0 
            on v1_0.vaccine_id=a1_0.vaccine_vaccine_id 
    where
        s1_0.center_center_id=?
Hibernate: 
    select
        vm1_0.center_center_id,
        vm1_1.vaccine_id,
        vm1_1.description,
        vm1_1.expiry_date,
        vm1_1.manufacturing_date,
        vm1_1.vaccine_name 
    from
        center_vaccine_map vm1_0 
    join
        vaccine vm1_1 
            on vm1_1.vaccine_id=vm1_0.vaccine_map_vaccine_id 
    where
        vm1_0.center_center_id=?
Hibernate: 
    select
        s1_0.center_center_id,
        s1_0.id,
        s1_0.available_slots,
        s1_0.date,
        s1_0.end_time,
        s1_0.start_time,
        a1_0.slot_id,
        a1_0.booking_id,
        a1_0.booking_date,
        c2_0.certificate_id,
        c2_0.approved_status,
        c2_0.certificate_url,
        c2_0.date_of_vaccination,
        a1_0.patient_patient_id,
        p1_0.patient_id,
        p1_0.address,
        p1_0.email,
        p1_0.password,
        p1_0.patient_name,
        p1_0.phone_number,
        p1_0.registration_date,
        v1_0.vaccine_id,
        v1_0.description,
        v1_0.expiry_date,
        v1_0.manufacturing_date,
        v1_0.vaccine_name,
        a1_0.vaccine_status 
    from
        slot s1_0 
    left join
        appointment a1_0 
            on s1_0.id=a1_0.slot_id 
    left join
        certificate c2_0 
            on c2_0.certificate_id=a1_0.certificate_certificate_id 
    left join
        patient p1_0 
            on p1_0.patient_id=a1_0.patient_patient_id 
    left join
        vaccine v1_0 
            on v1_0.vaccine_id=a1_0.vaccine_vaccine_id 
    where
        s1_0.center_center_id=?
Hibernate: 
    select
        vm1_0.center_center_id,
        vm1_1.vaccine_id,
        vm1_1.description,
        vm1_1.expiry_date,
        vm1_1.manufacturing_date,
        vm1_1.vaccine_name 
    from
        center_vaccine_map vm1_0 
    join
        vaccine vm1_1 
            on vm1_1.vaccine_id=vm1_0.vaccine_map_vaccine_id 
    where
        vm1_0.center_center_id=?
Hibernate: 
    select
        s1_0.center_center_id,
        s1_0.id,
        s1_0.available_slots,
        s1_0.date,
        s1_0.end_time,
        s1_0.start_time,
        a1_0.slot_id,
        a1_0.booking_id,
        a1_0.booking_date,
        c2_0.certificate_id,
        c2_0.approved_status,
        c2_0.certificate_url,
        c2_0.date_of_vaccination,
        a1_0.patient_patient_id,
        p1_0.patient_id,
        p1_0.address,
        p1_0.email,
        p1_0.password,
        p1_0.patient_name,
        p1_0.phone_number,
        p1_0.registration_date,
        v1_0.vaccine_id,
        v1_0.description,
        v1_0.expiry_date,
        v1_0.manufacturing_date,
        v1_0.vaccine_name,
        a1_0.vaccine_status 
    from
        slot s1_0 
    left join
        appointment a1_0 
            on s1_0.id=a1_0.slot_id 
    left join
        certificate c2_0 
            on c2_0.certificate_id=a1_0.certificate_certificate_id 
    left join
        patient p1_0 
            on p1_0.patient_id=a1_0.patient_patient_id 
    left join
        vaccine v1_0 
            on v1_0.vaccine_id=a1_0.vaccine_vaccine_id 
    where
        s1_0.center_center_id=?
Hibernate: 
    delete 
    from
        center 
    where
        center_id=?
Hibernate: 
    delete 
    from
        center 
    where
        center_id=?
Hibernate: 
    delete 
    from
        center 
    where
        center_id=?
Hibernate: 
    insert 
    into
        center
        (address, admin_admin_id, center_name, contact_number, district, pincode, state, center_id) 
    values
        (?, ?, ?, ?, ?, ?, ?, default)
Hibernate: 
    select
        c1_0.center_id,
        c1_0.address,
        c1_0.admin_admin_id,
        c1_0.center_name,
        c1_0.contact_number,
        c1_0.district,
        c1_0.pincode,
        c1_0.state 
    from
        center c1_0 
    where
        upper(c1_0.center_name) like upper(?) escape '\'
Hibernate: 
    select
        vm1_0.center_center_id,
        vm1_1.vaccine_id,
        vm1_1.description,
        vm1_1.expiry_date,
        vm1_1.manufacturing_date,
        vm1_1.vaccine_name 
    from
        center_vaccine_map vm1_0 
    join
        vaccine vm1_1 
            on vm1_1.vaccine_id=vm1_0.vaccine_map_vaccine_id 
    where
        vm1_0.center_center_id=?
Hibernate: 
    select
        s1_0.center_center_id,
        s1_0.id,
        s1_0.available_slots,
        s1_0.date,
        s1_0.end_time,
        s1_0.start_time,
        a1_0.slot_id,
        a1_0.booking_id,
        a1_0.booking_date,
        c2_0.certificate_id,
        c2_0.approved_status,
        c2_0.certificate_url,
        c2_0.date_of_vaccination,
        a1_0.patient_patient_id,
        p1_0.patient_id,
        p1_0.address,
        p1_0.email,
        p1_0.password,
        p1_0.patient_name,
        p1_0.phone_number,
        p1_0.registration_date,
        v1_0.vaccine_id,
        v1_0.description,
        v1_0.expiry_date,
        v1_0.manufacturing_date,
        v1_0.vaccine_name,
        a1_0.vaccine_status 
    from
        slot s1_0 
    left join
        appointment a1_0 
            on s1_0.id=a1_0.slot_id 
    left join
        certificate c2_0 
            on c2_0.certificate_id=a1_0.certificate_certificate_id 
    left join
        patient p1_0 
            on p1_0.patient_id=a1_0.patient_patient_id 
    left join
        vaccine v1_0 
            on v1_0.vaccine_id=a1_0.vaccine_vaccine_id 
    where
        s1_0.center_center_id=?
Hibernate: 
    select
        c1_0.center_id,
        c1_0.address,
        a1_0.admin_id,
        a1_0.admin_name,
        a1_0.admin_type,
        a1_0.email,
        a1_0.password,
        a1_0.phone_number,
        c1_0.center_name,
        c1_0.contact_number,
        c1_0.district,
        c1_0.pincode,
        s1_0.center_center_id,
        s1_0.id,
        s1_0.available_slots,
        s1_0.date,
        s1_0.end_time,
        s1_0.start_time,
        c1_0.state,
        vm1_0.center_center_id,
        vm1_1.vaccine_id,
        vm1_1.description,
        vm1_1.expiry_date,
        vm1_1.manufacturing_date,
        vm1_1.vaccine_name 
    from
        center c1_0 
    left join
        admin a1_0 
            on a1_0.admin_id=c1_0.admin_admin_id 
    left join
        slot s1_0 
            on c1_0.center_id=s1_0.center_center_id 
    left join
        center_vaccine_map vm1_0 
            on c1_0.center_id=vm1_0.center_center_id 
    left join
        vaccine vm1_1 
            on vm1_1.vaccine_id=vm1_0.vaccine_map_vaccine_id 
    where
        c1_0.center_id=?
Hibernate: 
    delete 
    from
        center 
    where
        center_id=?
Hibernate: 
    insert 
    into
        center
        (address, admin_admin_id, center_name, contact_number, district, pincode, state, center_id) 
    values
        (?, ?, ?, ?, ?, ?, ?, default)
Hibernate: 
    select
        next value for "1000"
Hibernate: 
    insert 
    into
        vaccine
        (description, expiry_date, manufacturing_date, vaccine_name, vaccine_id) 
    values
        (?, ?, ?, ?, ?)
]]></system-out>
  <system-err><![CDATA[]]></system-err>
</testsuite>
