<?xml version="1.0" encoding="UTF-8"?>
<testsuite name="com.jpa.vaccinationapp.VaccineTest" tests="8" skipped="0" failures="0" errors="0" timestamp="2024-03-02T17:19:23" hostname="WGC100108DQV3" time="3.008">
  <properties/>
  <testcase name="testGetAllVaccine()" classname="com.jpa.vaccinationapp.VaccineTest" time="2.33"/>
  <testcase name="testGetById()" classname="com.jpa.vaccinationapp.VaccineTest" time="0.239"/>
  <testcase name="testCreateVaccine()" classname="com.jpa.vaccinationapp.VaccineTest" time="0.074"/>
  <testcase name="testDeleteExpiredVaccines()" classname="com.jpa.vaccinationapp.VaccineTest" time="0.012"/>
  <testcase name="testUpdateVaccine()" classname="com.jpa.vaccinationapp.VaccineTest" time="0.02"/>
  <testcase name="testGetByName()" classname="com.jpa.vaccinationapp.VaccineTest" time="0.192"/>
  <testcase name="testDeleteById()" classname="com.jpa.vaccinationapp.VaccineTest" time="0.064"/>
  <testcase name="testDeleteAllExpiredVaccines()" classname="com.jpa.vaccinationapp.VaccineTest" time="0.05"/>
  <system-out><![CDATA[22:49:12.668 [Test worker] INFO org.springframework.test.context.support.AnnotationConfigContextLoaderUtils -- Could not detect default configuration classes for test class [com.jpa.vaccinationapp.VaccineTest]: VaccineTest does not declare any static, non-private, non-final, nested classes annotated with @Configuration.
22:49:12.883 [Test worker] INFO org.springframework.boot.test.context.SpringBootTestContextBootstrapper -- Found @SpringBootConfiguration com.jpa.vaccinationapp.VaccinationAppApplication for test class com.jpa.vaccinationapp.VaccineTest

  .   ____          _            __ _ _
 /\\ / ___'_ __ _ _(_)_ __  __ _ \ \ \ \
( ( )\___ | '_ | '_| | '_ \/ _` | \ \ \ \
 \\/  ___)| |_)| | | | | || (_| |  ) ) ) )
  '  |____| .__|_| |_|_| |_\__, | / / / /
 =========|_|==============|___/=/_/_/_/
 :: Spring Boot ::                (v3.2.2)

2024-03-02T22:49:13.610+05:30  INFO 6756 --- [    Test worker] com.jpa.vaccinationapp.VaccineTest       : Starting VaccineTest using Java 17.0.10 with PID 6756 (started by ADHARURR in C:\Users\ADHARURR\project\vaccination-app)
2024-03-02T22:49:13.613+05:30  INFO 6756 --- [    Test worker] com.jpa.vaccinationapp.VaccineTest       : No active profile set, falling back to 1 default profile: "default"
2024-03-02T22:49:15.220+05:30  INFO 6756 --- [    Test worker] .s.d.r.c.RepositoryConfigurationDelegate : Bootstrapping Spring Data JPA repositories in DEFAULT mode.
2024-03-02T22:49:15.432+05:30  INFO 6756 --- [    Test worker] .s.d.r.c.RepositoryConfigurationDelegate : Finished Spring Data repository scanning in 193 ms. Found 7 JPA repository interfaces.
2024-03-02T22:49:16.601+05:30  INFO 6756 --- [    Test worker] o.hibernate.jpa.internal.util.LogHelper  : HHH000204: Processing PersistenceUnitInfo [name: default]
2024-03-02T22:49:16.821+05:30  INFO 6756 --- [    Test worker] org.hibernate.Version                    : HHH000412: Hibernate ORM core version 6.4.1.Final
2024-03-02T22:49:16.921+05:30  INFO 6756 --- [    Test worker] o.h.c.internal.RegionFactoryInitiator    : HHH000026: Second-level cache disabled
2024-03-02T22:49:17.693+05:30  INFO 6756 --- [    Test worker] o.s.o.j.p.SpringPersistenceUnitInfo      : No LoadTimeWeaver setup: ignoring JPA class transformer
2024-03-02T22:49:17.783+05:30  INFO 6756 --- [    Test worker] com.zaxxer.hikari.HikariDataSource       : HikariPool-1 - Starting...
2024-03-02T22:49:18.361+05:30  INFO 6756 --- [    Test worker] com.zaxxer.hikari.pool.HikariPool        : HikariPool-1 - Added connection conn0: url=jdbc:h2:file:./data/vaccine-app user=SA
2024-03-02T22:49:18.365+05:30  INFO 6756 --- [    Test worker] com.zaxxer.hikari.HikariDataSource       : HikariPool-1 - Start completed.
2024-03-02T22:49:18.433+05:30  WARN 6756 --- [    Test worker] org.hibernate.orm.deprecation            : HHH90000025: H2Dialect does not need to be specified explicitly using 'hibernate.dialect' (remove the property setting and it will be selected by default)
2024-03-02T22:49:20.540+05:30  INFO 6756 --- [    Test worker] o.h.e.t.j.p.i.JtaPlatformInitiator       : HHH000489: No JTA platform available (set 'hibernate.transaction.jta.platform' to enable JTA platform integration)
2024-03-02T22:49:20.655+05:30  INFO 6756 --- [    Test worker] j.LocalContainerEntityManagerFactoryBean : Initialized JPA EntityManagerFactory for persistence unit 'default'
2024-03-02T22:49:21.351+05:30  INFO 6756 --- [    Test worker] o.s.d.j.r.query.QueryEnhancerFactory     : Hibernate is in classpath; If applicable, HQL parser will be used.
2024-03-02T22:49:22.479+05:30  WARN 6756 --- [    Test worker] JpaBaseConfiguration$JpaWebConfiguration : spring.jpa.open-in-view is enabled by default. Therefore, database queries may be performed during view rendering. Explicitly configure spring.jpa.open-in-view to disable this warning
2024-03-02T22:49:23.175+05:30  INFO 6756 --- [    Test worker] o.s.b.a.h2.H2ConsoleAutoConfiguration    : H2 console available at '/h2-console'. Database available at 'jdbc:h2:file:./data/vaccine-app'
2024-03-02T22:49:23.281+05:30  INFO 6756 --- [    Test worker] com.jpa.vaccinationapp.VaccineTest       : Started VaccineTest in 10.112 seconds (process running for 12.819)
1
3
2024-03-02
]]></system-out>
  <system-err><![CDATA[]]></system-err>
</testsuite>
