<?xml version="1.0" encoding="UTF-8"?>
<testsuite name="com.jpa.vaccinationapp.centerTests.CenterApiTest" tests="4" skipped="0" failures="0" errors="0" timestamp="2024-03-06T07:15:24" hostname="WGC100FY30DY3" time="1.993">
  <properties/>
  <testcase name="removeCenterTest()" classname="com.jpa.vaccinationapp.centerTests.CenterApiTest" time="1.794"/>
  <testcase name="createCenterTest()" classname="com.jpa.vaccinationapp.centerTests.CenterApiTest" time="0.123"/>
  <testcase name="findCenterByCenterNameIsContainingIgnoreCaseTest()" classname="com.jpa.vaccinationapp.centerTests.CenterApiTest" time="0.048"/>
  <testcase name="addVaccineToCenterTest()" classname="com.jpa.vaccinationapp.centerTests.CenterApiTest" time="0.016"/>
  <system-out><![CDATA[12:45:14.623 [Test worker] INFO org.springframework.test.context.support.AnnotationConfigContextLoaderUtils -- Could not detect default configuration classes for test class [com.jpa.vaccinationapp.centerTests.CenterApiTest]: CenterApiTest does not declare any static, non-private, non-final, nested classes annotated with @Configuration.
12:45:14.833 [Test worker] INFO org.springframework.boot.test.context.SpringBootTestContextBootstrapper -- Found @SpringBootConfiguration com.jpa.vaccinationapp.VaccinationAppApplication for test class com.jpa.vaccinationapp.centerTests.CenterApiTest

  .   ____          _            __ _ _
 /\\ / ___'_ __ _ _(_)_ __  __ _ \ \ \ \
( ( )\___ | '_ | '_| | '_ \/ _` | \ \ \ \
 \\/  ___)| |_)| | | | | || (_| |  ) ) ) )
  '  |____| .__|_| |_|_| |_\__, | / / / /
 =========|_|==============|___/=/_/_/_/
 :: Spring Boot ::                (v3.2.2)

2024-03-06T12:45:15.774+05:30  INFO 4944 --- [    Test worker] c.j.v.centerTests.CenterApiTest          : Starting CenterApiTest using Java 17.0.9 with PID 4944 (started by HS22 in C:\Users\HS22\IdeaProjects\vaccination-app)
2024-03-06T12:45:15.783+05:30  INFO 4944 --- [    Test worker] c.j.v.centerTests.CenterApiTest          : No active profile set, falling back to 1 default profile: "default"
2024-03-06T12:45:17.119+05:30  INFO 4944 --- [    Test worker] .s.d.r.c.RepositoryConfigurationDelegate : Bootstrapping Spring Data JPA repositories in DEFAULT mode.
2024-03-06T12:45:17.231+05:30  INFO 4944 --- [    Test worker] .s.d.r.c.RepositoryConfigurationDelegate : Finished Spring Data repository scanning in 99 ms. Found 7 JPA repository interfaces.
2024-03-06T12:45:17.983+05:30  INFO 4944 --- [    Test worker] o.hibernate.jpa.internal.util.LogHelper  : HHH000204: Processing PersistenceUnitInfo [name: default]
2024-03-06T12:45:18.110+05:30  INFO 4944 --- [    Test worker] org.hibernate.Version                    : HHH000412: Hibernate ORM core version 6.4.1.Final
2024-03-06T12:45:18.172+05:30  INFO 4944 --- [    Test worker] o.h.c.internal.RegionFactoryInitiator    : HHH000026: Second-level cache disabled
2024-03-06T12:45:18.646+05:30  INFO 4944 --- [    Test worker] o.s.o.j.p.SpringPersistenceUnitInfo      : No LoadTimeWeaver setup: ignoring JPA class transformer
2024-03-06T12:45:18.730+05:30  INFO 4944 --- [    Test worker] com.zaxxer.hikari.HikariDataSource       : HikariPool-1 - Starting...
2024-03-06T12:45:19.406+05:30  INFO 4944 --- [    Test worker] com.zaxxer.hikari.pool.HikariPool        : HikariPool-1 - Added connection conn0: url=jdbc:h2:file:./data/vaccine-app user=SA
2024-03-06T12:45:19.409+05:30  INFO 4944 --- [    Test worker] com.zaxxer.hikari.HikariDataSource       : HikariPool-1 - Start completed.
2024-03-06T12:45:19.455+05:30  WARN 4944 --- [    Test worker] org.hibernate.orm.deprecation            : HHH90000025: H2Dialect does not need to be specified explicitly using 'hibernate.dialect' (remove the property setting and it will be selected by default)
2024-03-06T12:45:21.529+05:30  INFO 4944 --- [    Test worker] o.h.e.t.j.p.i.JtaPlatformInitiator       : HHH000489: No JTA platform available (set 'hibernate.transaction.jta.platform' to enable JTA platform integration)
2024-03-06T12:45:21.641+05:30  INFO 4944 --- [    Test worker] j.LocalContainerEntityManagerFactoryBean : Initialized JPA EntityManagerFactory for persistence unit 'default'
2024-03-06T12:45:22.354+05:30  INFO 4944 --- [    Test worker] o.s.d.j.r.query.QueryEnhancerFactory     : Hibernate is in classpath; If applicable, HQL parser will be used.
2024-03-06T12:45:23.383+05:30  WARN 4944 --- [    Test worker] JpaBaseConfiguration$JpaWebConfiguration : spring.jpa.open-in-view is enabled by default. Therefore, database queries may be performed during view rendering. Explicitly configure spring.jpa.open-in-view to disable this warning
2024-03-06T12:45:23.950+05:30  INFO 4944 --- [    Test worker] o.s.b.a.h2.H2ConsoleAutoConfiguration    : H2 console available at '/h2-console'. Database available at 'jdbc:h2:file:./data/vaccine-app'
2024-03-06T12:45:24.011+05:30  INFO 4944 --- [    Test worker] c.j.v.centerTests.CenterApiTest          : Started CenterApiTest in 8.884 seconds (process running for 11.159)
Hibernate: 
    select
        c1_0.center_id,
        c1_0.address,
        a1_0.admin_id,
        a1_0.admin_name,
        a1_0.admin_type,
        a1_0.email,
        a1_0.password,
        a1_0.phone_number,
        c1_0.center_name,
        c1_0.contact_number,
        c1_0.district,
        c1_0.pincode,
        s1_0.center_center_id,
        s1_0.id,
        s1_0.available_slots,
        s1_0.date,
        s1_0.end_time,
        s1_0.start_time,
        c1_0.state 
    from
        center c1_0 
    left join
        admin a1_0 
            on a1_0.admin_id=c1_0.admin_admin_id 
    left join
        slot s1_0 
            on c1_0.center_id=s1_0.center_center_id 
    where
        c1_0.center_id=?
Hibernate: 
    insert 
    into
        center
        (address, admin_admin_id, center_name, contact_number, district, pincode, state, center_id) 
    values
        (?, ?, ?, ?, ?, ?, ?, default)
Hibernate: 
    select
        a1_0.admin_id,
        a1_0.admin_name,
        a1_0.admin_type,
        a1_0.email,
        a1_0.password,
        a1_0.phone_number 
    from
        admin a1_0 
    where
        upper(a1_0.email)=upper(?)
Hibernate: 
    select
        a1_0.admin_id,
        a1_0.admin_name,
        a1_0.admin_type,
        a1_0.email,
        a1_0.password,
        a1_0.phone_number 
    from
        admin a1_0 
    where
        a1_0.admin_id=?
Hibernate: 
    insert 
    into
        admin
        (admin_name, admin_type, email, password, phone_number, admin_id) 
    values
        (?, ?, ?, ?, ?, default)
Hibernate: 
    select
        c1_0.center_id,
        c1_0.address,
        a1_0.admin_id,
        a1_0.admin_name,
        a1_0.admin_type,
        a1_0.email,
        a1_0.password,
        a1_0.phone_number,
        c1_0.center_name,
        c1_0.contact_number,
        c1_0.district,
        c1_0.pincode,
        s1_0.center_center_id,
        s1_0.id,
        s1_0.available_slots,
        s1_0.date,
        s1_0.end_time,
        s1_0.start_time,
        c1_0.state,
        vm1_0.center_center_id,
        vm1_1.vaccine_id,
        vm1_1.description,
        vm1_1.expiry_date,
        vm1_1.manufacturing_date,
        vm1_1.vaccine_name 
    from
        center c1_0 
    left join
        admin a1_0 
            on a1_0.admin_id=c1_0.admin_admin_id 
    left join
        slot s1_0 
            on c1_0.center_id=s1_0.center_center_id 
    left join
        center_vaccine_map vm1_0 
            on c1_0.center_id=vm1_0.center_center_id 
    left join
        vaccine vm1_1 
            on vm1_1.vaccine_id=vm1_0.vaccine_map_vaccine_id 
    where
        c1_0.center_id=?
1
Hibernate: 
    insert 
    into
        center
        (address, admin_admin_id, center_name, contact_number, district, pincode, state, center_id) 
    values
        (?, ?, ?, ?, ?, ?, ?, default)
Hibernate: 
    select
        c1_0.center_id,
        c1_0.address,
        c1_0.admin_admin_id,
        c1_0.center_name,
        c1_0.contact_number,
        c1_0.district,
        c1_0.pincode,
        c1_0.state 
    from
        center c1_0
Hibernate: 
    select
        vm1_0.center_center_id,
        vm1_1.vaccine_id,
        vm1_1.description,
        vm1_1.expiry_date,
        vm1_1.manufacturing_date,
        vm1_1.vaccine_name 
    from
        center_vaccine_map vm1_0 
    join
        vaccine vm1_1 
            on vm1_1.vaccine_id=vm1_0.vaccine_map_vaccine_id 
    where
        vm1_0.center_center_id=?
Hibernate: 
    select
        s1_0.center_center_id,
        s1_0.id,
        s1_0.available_slots,
        s1_0.date,
        s1_0.end_time,
        s1_0.start_time,
        a1_0.slot_id,
        a1_0.booking_id,
        a1_0.booking_date,
        c2_0.certificate_id,
        c2_0.approved_status,
        c2_0.certificate_url,
        c2_0.date_of_vaccination,
        a1_0.patient_patient_id,
        p1_0.patient_id,
        p1_0.address,
        p1_0.email,
        p1_0.password,
        p1_0.patient_name,
        p1_0.phone_number,
        p1_0.registration_date,
        v1_0.vaccine_id,
        v1_0.description,
        v1_0.expiry_date,
        v1_0.manufacturing_date,
        v1_0.vaccine_name,
        a1_0.vaccine_status 
    from
        slot s1_0 
    left join
        appointment a1_0 
            on s1_0.id=a1_0.slot_id 
    left join
        certificate c2_0 
            on c2_0.certificate_id=a1_0.certificate_certificate_id 
    left join
        patient p1_0 
            on p1_0.patient_id=a1_0.patient_patient_id 
    left join
        vaccine v1_0 
            on v1_0.vaccine_id=a1_0.vaccine_vaccine_id 
    where
        s1_0.center_center_id=?
Hibernate: 
    select
        vm1_0.center_center_id,
        vm1_1.vaccine_id,
        vm1_1.description,
        vm1_1.expiry_date,
        vm1_1.manufacturing_date,
        vm1_1.vaccine_name 
    from
        center_vaccine_map vm1_0 
    join
        vaccine vm1_1 
            on vm1_1.vaccine_id=vm1_0.vaccine_map_vaccine_id 
    where
        vm1_0.center_center_id=?
Hibernate: 
    select
        s1_0.center_center_id,
        s1_0.id,
        s1_0.available_slots,
        s1_0.date,
        s1_0.end_time,
        s1_0.start_time,
        a1_0.slot_id,
        a1_0.booking_id,
        a1_0.booking_date,
        c2_0.certificate_id,
        c2_0.approved_status,
        c2_0.certificate_url,
        c2_0.date_of_vaccination,
        a1_0.patient_patient_id,
        p1_0.patient_id,
        p1_0.address,
        p1_0.email,
        p1_0.password,
        p1_0.patient_name,
        p1_0.phone_number,
        p1_0.registration_date,
        v1_0.vaccine_id,
        v1_0.description,
        v1_0.expiry_date,
        v1_0.manufacturing_date,
        v1_0.vaccine_name,
        a1_0.vaccine_status 
    from
        slot s1_0 
    left join
        appointment a1_0 
            on s1_0.id=a1_0.slot_id 
    left join
        certificate c2_0 
            on c2_0.certificate_id=a1_0.certificate_certificate_id 
    left join
        patient p1_0 
            on p1_0.patient_id=a1_0.patient_patient_id 
    left join
        vaccine v1_0 
            on v1_0.vaccine_id=a1_0.vaccine_vaccine_id 
    where
        s1_0.center_center_id=?
Hibernate: 
    delete 
    from
        center 
    where
        center_id=?
Hibernate: 
    delete 
    from
        center 
    where
        center_id=?
Hibernate: 
    insert 
    into
        center
        (address, admin_admin_id, center_name, contact_number, district, pincode, state, center_id) 
    values
        (?, ?, ?, ?, ?, ?, ?, default)
Hibernate: 
    select
        c1_0.center_id,
        c1_0.address,
        c1_0.admin_admin_id,
        c1_0.center_name,
        c1_0.contact_number,
        c1_0.district,
        c1_0.pincode,
        c1_0.state 
    from
        center c1_0 
    where
        upper(c1_0.center_name) like upper(?) escape '\'
Hibernate: 
    select
        vm1_0.center_center_id,
        vm1_1.vaccine_id,
        vm1_1.description,
        vm1_1.expiry_date,
        vm1_1.manufacturing_date,
        vm1_1.vaccine_name 
    from
        center_vaccine_map vm1_0 
    join
        vaccine vm1_1 
            on vm1_1.vaccine_id=vm1_0.vaccine_map_vaccine_id 
    where
        vm1_0.center_center_id=?
Hibernate: 
    select
        s1_0.center_center_id,
        s1_0.id,
        s1_0.available_slots,
        s1_0.date,
        s1_0.end_time,
        s1_0.start_time,
        a1_0.slot_id,
        a1_0.booking_id,
        a1_0.booking_date,
        c2_0.certificate_id,
        c2_0.approved_status,
        c2_0.certificate_url,
        c2_0.date_of_vaccination,
        a1_0.patient_patient_id,
        p1_0.patient_id,
        p1_0.address,
        p1_0.email,
        p1_0.password,
        p1_0.patient_name,
        p1_0.phone_number,
        p1_0.registration_date,
        v1_0.vaccine_id,
        v1_0.description,
        v1_0.expiry_date,
        v1_0.manufacturing_date,
        v1_0.vaccine_name,
        a1_0.vaccine_status 
    from
        slot s1_0 
    left join
        appointment a1_0 
            on s1_0.id=a1_0.slot_id 
    left join
        certificate c2_0 
            on c2_0.certificate_id=a1_0.certificate_certificate_id 
    left join
        patient p1_0 
            on p1_0.patient_id=a1_0.patient_patient_id 
    left join
        vaccine v1_0 
            on v1_0.vaccine_id=a1_0.vaccine_vaccine_id 
    where
        s1_0.center_center_id=?
Hibernate: 
    select
        c1_0.center_id,
        c1_0.address,
        a1_0.admin_id,
        a1_0.admin_name,
        a1_0.admin_type,
        a1_0.email,
        a1_0.password,
        a1_0.phone_number,
        c1_0.center_name,
        c1_0.contact_number,
        c1_0.district,
        c1_0.pincode,
        s1_0.center_center_id,
        s1_0.id,
        s1_0.available_slots,
        s1_0.date,
        s1_0.end_time,
        s1_0.start_time,
        c1_0.state,
        vm1_0.center_center_id,
        vm1_1.vaccine_id,
        vm1_1.description,
        vm1_1.expiry_date,
        vm1_1.manufacturing_date,
        vm1_1.vaccine_name 
    from
        center c1_0 
    left join
        admin a1_0 
            on a1_0.admin_id=c1_0.admin_admin_id 
    left join
        slot s1_0 
            on c1_0.center_id=s1_0.center_center_id 
    left join
        center_vaccine_map vm1_0 
            on c1_0.center_id=vm1_0.center_center_id 
    left join
        vaccine vm1_1 
            on vm1_1.vaccine_id=vm1_0.vaccine_map_vaccine_id 
    where
        c1_0.center_id=?
Hibernate: 
    delete 
    from
        center 
    where
        center_id=?
Hibernate: 
    insert 
    into
        center
        (address, admin_admin_id, center_name, contact_number, district, pincode, state, center_id) 
    values
        (?, ?, ?, ?, ?, ?, ?, default)
Hibernate: 
    insert 
    into
        vaccine
        (description, expiry_date, manufacturing_date, vaccine_name, vaccine_id) 
    values
        (?, ?, ?, ?, default)
]]></system-out>
  <system-err><![CDATA[]]></system-err>
</testsuite>
