<?xml version="1.0" encoding="UTF-8"?>
<testsuite name="com.jpa.vaccinationapp.centerTests.CenterApiTest" tests="11" skipped="0" failures="0" errors="0" timestamp="2024-03-02T17:54:09" hostname="MGC1XXMM9HKD" time="0.421">
  <properties/>
  <testcase name="createCenterTest()" classname="com.jpa.vaccinationapp.centerTests.CenterApiTest" time="0.305"/>
  <testcase name="addVaccineToCenterTest()" classname="com.jpa.vaccinationapp.centerTests.CenterApiTest" time="0.044"/>
  <testcase name="findCenterByCenterNameIsContainingIgnoreCaseTest()" classname="com.jpa.vaccinationapp.centerTests.CenterApiTest" time="0.04"/>
  <testcase name="findByPincodeTest()" classname="com.jpa.vaccinationapp.centerTests.CenterApiTest" time="0.004"/>
  <testcase name="getCenterByIDTest()" classname="com.jpa.vaccinationapp.centerTests.CenterApiTest" time="0.003"/>
  <testcase name="getCenterByPincode()" classname="com.jpa.vaccinationapp.centerTests.CenterApiTest" time="0.005"/>
  <testcase name="getAllVaccinesInCenterTest()" classname="com.jpa.vaccinationapp.centerTests.CenterApiTest" time="0.002"/>
  <testcase name="removeVaccineFromCenterTest()" classname="com.jpa.vaccinationapp.centerTests.CenterApiTest" time="0.004"/>
  <testcase name="updateCenterAddressAndPhone()" classname="com.jpa.vaccinationapp.centerTests.CenterApiTest" time="0.007"/>
  <testcase name="updateCenterTest()" classname="com.jpa.vaccinationapp.centerTests.CenterApiTest" time="0.002"/>
  <testcase name="removeCenterTest()" classname="com.jpa.vaccinationapp.centerTests.CenterApiTest" time="0.001"/>
  <system-out><![CDATA[23:24:07.508 [Test worker] INFO org.springframework.test.context.support.AnnotationConfigContextLoaderUtils -- Could not detect default configuration classes for test class [com.jpa.vaccinationapp.centerTests.CenterApiTest]: CenterApiTest does not declare any static, non-private, non-final, nested classes annotated with @Configuration.
23:24:07.555 [Test worker] INFO org.springframework.boot.test.context.SpringBootTestContextBootstrapper -- Found @SpringBootConfiguration com.jpa.vaccinationapp.VaccinationAppApplication for test class com.jpa.vaccinationapp.centerTests.CenterApiTest

  .   ____          _            __ _ _
 /\\ / ___'_ __ _ _(_)_ __  __ _ \ \ \ \
( ( )\___ | '_ | '_| | '_ \/ _` | \ \ \ \
 \\/  ___)| |_)| | | | | || (_| |  ) ) ) )
  '  |____| .__|_| |_|_| |_\__, | / / / /
 =========|_|==============|___/=/_/_/_/
 :: Spring Boot ::                (v3.2.2)

2024-03-02T23:24:07.685+05:30  INFO 2991 --- [    Test worker] c.j.v.centerTests.CenterApiTest          : Starting CenterApiTest using Java 17.0.10 with PID 2991 (started by gv14 in /Users/gv14/IdeaProjects/vaccination-app)
2024-03-02T23:24:07.686+05:30  INFO 2991 --- [    Test worker] c.j.v.centerTests.CenterApiTest          : No active profile set, falling back to 1 default profile: "default"
2024-03-02T23:24:07.989+05:30  INFO 2991 --- [    Test worker] .s.d.r.c.RepositoryConfigurationDelegate : Bootstrapping Spring Data JPA repositories in DEFAULT mode.
2024-03-02T23:24:08.039+05:30  INFO 2991 --- [    Test worker] .s.d.r.c.RepositoryConfigurationDelegate : Finished Spring Data repository scanning in 48 ms. Found 7 JPA repository interfaces.
2024-03-02T23:24:08.217+05:30  INFO 2991 --- [    Test worker] o.hibernate.jpa.internal.util.LogHelper  : HHH000204: Processing PersistenceUnitInfo [name: default]
2024-03-02T23:24:08.243+05:30  INFO 2991 --- [    Test worker] org.hibernate.Version                    : HHH000412: Hibernate ORM core version 6.4.1.Final
2024-03-02T23:24:08.261+05:30  INFO 2991 --- [    Test worker] o.h.c.internal.RegionFactoryInitiator    : HHH000026: Second-level cache disabled
2024-03-02T23:24:08.389+05:30  INFO 2991 --- [    Test worker] o.s.o.j.p.SpringPersistenceUnitInfo      : No LoadTimeWeaver setup: ignoring JPA class transformer
2024-03-02T23:24:08.408+05:30  INFO 2991 --- [    Test worker] com.zaxxer.hikari.HikariDataSource       : HikariPool-1 - Starting...
2024-03-02T23:24:08.519+05:30  INFO 2991 --- [    Test worker] com.zaxxer.hikari.pool.HikariPool        : HikariPool-1 - Added connection conn0: url=jdbc:h2:file:./data/vaccine-app user=SA
2024-03-02T23:24:08.520+05:30  INFO 2991 --- [    Test worker] com.zaxxer.hikari.HikariDataSource       : HikariPool-1 - Start completed.
2024-03-02T23:24:08.530+05:30  WARN 2991 --- [    Test worker] org.hibernate.orm.deprecation            : HHH90000025: H2Dialect does not need to be specified explicitly using 'hibernate.dialect' (remove the property setting and it will be selected by default)
2024-03-02T23:24:08.949+05:30  INFO 2991 --- [    Test worker] o.h.e.t.j.p.i.JtaPlatformInitiator       : HHH000489: No JTA platform available (set 'hibernate.transaction.jta.platform' to enable JTA platform integration)
2024-03-02T23:24:08.980+05:30  INFO 2991 --- [    Test worker] j.LocalContainerEntityManagerFactoryBean : Initialized JPA EntityManagerFactory for persistence unit 'default'
2024-03-02T23:24:09.190+05:30  INFO 2991 --- [    Test worker] o.s.d.j.r.query.QueryEnhancerFactory     : Hibernate is in classpath; If applicable, HQL parser will be used.
2024-03-02T23:24:09.477+05:30  WARN 2991 --- [    Test worker] JpaBaseConfiguration$JpaWebConfiguration : spring.jpa.open-in-view is enabled by default. Therefore, database queries may be performed during view rendering. Explicitly configure spring.jpa.open-in-view to disable this warning
2024-03-02T23:24:09.641+05:30  INFO 2991 --- [    Test worker] o.s.b.a.h2.H2ConsoleAutoConfiguration    : H2 console available at '/h2-console'. Database available at 'jdbc:h2:file:./data/vaccine-app'
2024-03-02T23:24:09.669+05:30  INFO 2991 --- [    Test worker] c.j.v.centerTests.CenterApiTest          : Started CenterApiTest in 2.069 seconds (process running for 2.514)
Center{centerId=1, centerName='Alpha Health', address='No:485, krishnar street, polur, Arakkonam', pincode='631003', district='Ranipet', state='Tamil Nadu', contactNumber='9593813109', vaccineMap=[com.jpa.vaccinationapp.vaccine.Vaccine@20, com.jpa.vaccinationapp.vaccine.Vaccine@21], slots=[], admin=null}
1
[com.jpa.vaccinationapp.vaccine.Vaccine@21]
631003
]]></system-out>
  <system-err><![CDATA[]]></system-err>
</testsuite>
