<?xml version="1.0" encoding="UTF-8"?>
<testsuite name="com.jpa.vaccinationapp.certificateApiTest.CertificateAPITest" tests="10" skipped="0" failures="0" errors="0" timestamp="2024-03-06T07:19:18" hostname="WGC100BG2Z8Y3" time="1.064">
  <properties/>
  <testcase name="verifyTest1()" classname="com.jpa.vaccinationapp.certificateApiTest.CertificateAPITest" time="0.916"/>
  <testcase name="verifyTest2()" classname="com.jpa.vaccinationapp.certificateApiTest.CertificateAPITest" time="0.028"/>
  <testcase name="getCertificateTest1()" classname="com.jpa.vaccinationapp.certificateApiTest.CertificateAPITest" time="0.063"/>
  <testcase name="getCertificateTest2()" classname="com.jpa.vaccinationapp.certificateApiTest.CertificateAPITest" time="0.004"/>
  <testcase name="getCertificateTest3()" classname="com.jpa.vaccinationapp.certificateApiTest.CertificateAPITest" time="0.008"/>
  <testcase name="addCertificateTest1()" classname="com.jpa.vaccinationapp.certificateApiTest.CertificateAPITest" time="0.005"/>
  <testcase name="addCertificateTest2()" classname="com.jpa.vaccinationapp.certificateApiTest.CertificateAPITest" time="0.009"/>
  <testcase name="deleteCertificateTest1()" classname="com.jpa.vaccinationapp.certificateApiTest.CertificateAPITest" time="0.008"/>
  <testcase name="deleteCertificateTest2()" classname="com.jpa.vaccinationapp.certificateApiTest.CertificateAPITest" time="0.009"/>
  <testcase name="updateCertificateTest1()" classname="com.jpa.vaccinationapp.certificateApiTest.CertificateAPITest" time="0.009"/>
  <system-out><![CDATA[12:49:10.825 [Test worker] INFO org.springframework.test.context.support.AnnotationConfigContextLoaderUtils -- Could not detect default configuration classes for test class [com.jpa.vaccinationapp.certificateApiTest.CertificateAPITest]: CertificateAPITest does not declare any static, non-private, non-final, nested classes annotated with @Configuration.
12:49:10.995 [Test worker] INFO org.springframework.boot.test.context.SpringBootTestContextBootstrapper -- Found @SpringBootConfiguration com.jpa.vaccinationapp.VaccinationAppApplication for test class com.jpa.vaccinationapp.certificateApiTest.CertificateAPITest

  .   ____          _            __ _ _
 /\\ / ___'_ __ _ _(_)_ __  __ _ \ \ \ \
( ( )\___ | '_ | '_| | '_ \/ _` | \ \ \ \
 \\/  ___)| |_)| | | | | || (_| |  ) ) ) )
  '  |____| .__|_| |_|_| |_\__, | / / / /
 =========|_|==============|___/=/_/_/_/
 :: Spring Boot ::                (v3.2.2)

2024-03-06T12:49:11.464+05:30  INFO 21384 --- [    Test worker] c.j.v.c.CertificateAPITest               : Starting CertificateAPITest using Java 21.0.2 with PID 21384 (started by SRAVI41 in C:\Users\sravi41\Desktop\Ford\vaccination-app)
2024-03-06T12:49:11.466+05:30  INFO 21384 --- [    Test worker] c.j.v.c.CertificateAPITest               : No active profile set, falling back to 1 default profile: "default"
2024-03-06T12:49:12.576+05:30  INFO 21384 --- [    Test worker] .s.d.r.c.RepositoryConfigurationDelegate : Bootstrapping Spring Data JPA repositories in DEFAULT mode.
2024-03-06T12:49:12.677+05:30  INFO 21384 --- [    Test worker] .s.d.r.c.RepositoryConfigurationDelegate : Finished Spring Data repository scanning in 88 ms. Found 7 JPA repository interfaces.
2024-03-06T12:49:13.348+05:30  INFO 21384 --- [    Test worker] o.hibernate.jpa.internal.util.LogHelper  : HHH000204: Processing PersistenceUnitInfo [name: default]
2024-03-06T12:49:13.474+05:30  INFO 21384 --- [    Test worker] org.hibernate.Version                    : HHH000412: Hibernate ORM core version 6.4.1.Final
2024-03-06T12:49:13.507+05:30  INFO 21384 --- [    Test worker] o.h.c.internal.RegionFactoryInitiator    : HHH000026: Second-level cache disabled
2024-03-06T12:49:13.803+05:30  INFO 21384 --- [    Test worker] o.s.o.j.p.SpringPersistenceUnitInfo      : No LoadTimeWeaver setup: ignoring JPA class transformer
2024-03-06T12:49:13.847+05:30  INFO 21384 --- [    Test worker] com.zaxxer.hikari.HikariDataSource       : HikariPool-1 - Starting...
2024-03-06T12:49:14.153+05:30  INFO 21384 --- [    Test worker] com.zaxxer.hikari.pool.HikariPool        : HikariPool-1 - Added connection conn0: url=jdbc:h2:file:./data/vaccine-app user=SA
2024-03-06T12:49:14.156+05:30  INFO 21384 --- [    Test worker] com.zaxxer.hikari.HikariDataSource       : HikariPool-1 - Start completed.
2024-03-06T12:49:14.196+05:30  WARN 21384 --- [    Test worker] org.hibernate.orm.deprecation            : HHH90000025: H2Dialect does not need to be specified explicitly using 'hibernate.dialect' (remove the property setting and it will be selected by default)
2024-03-06T12:49:15.301+05:30  INFO 21384 --- [    Test worker] o.h.e.t.j.p.i.JtaPlatformInitiator       : HHH000489: No JTA platform available (set 'hibernate.transaction.jta.platform' to enable JTA platform integration)
Hibernate: 
    drop table if exists admin cascade 
Hibernate: 
    drop table if exists appointment cascade 
Hibernate: 
    drop table if exists center cascade 
Hibernate: 
    drop table if exists center_vaccine_map cascade 
Hibernate: 
    drop table if exists certificate cascade 
Hibernate: 
    drop table if exists patient cascade 
Hibernate: 
    drop table if exists slot cascade 
Hibernate: 
    drop table if exists vaccine cascade 
Hibernate: 
    create table admin (
        admin_id integer generated by default as identity,
        admin_name varchar(255),
        admin_type varchar(255),
        email varchar(255),
        password varchar(255),
        phone_number varchar(255),
        primary key (admin_id)
    )
Hibernate: 
    create table appointment (
        booking_date date,
        booking_id integer generated by default as identity,
        certificate_certificate_id integer unique,
        patient_patient_id integer not null,
        slot_id integer not null,
        vaccine_status boolean,
        vaccine_vaccine_id integer,
        primary key (booking_id)
    )
Hibernate: 
    create table center (
        admin_admin_id integer unique,
        center_id integer generated by default as identity,
        address varchar(255),
        center_name varchar(255),
        contact_number varchar(255),
        district varchar(255),
        pincode varchar(255),
        state varchar(255),
        primary key (center_id)
    )
Hibernate: 
    create table center_vaccine_map (
        center_center_id integer not null,
        vaccine_map_vaccine_id integer not null,
        primary key (center_center_id, vaccine_map_vaccine_id)
    )
Hibernate: 
    create table certificate (
        certificate_id integer not null,
        date_of_vaccination date,
        approved_status varchar(255),
        certificate_url varchar(255),
        primary key (certificate_id)
    )
Hibernate: 
    create table patient (
        patient_id integer generated by default as identity,
        registration_date date,
        address varchar(255),
        email varchar(255),
        password varchar(255),
        patient_name varchar(255),
        phone_number varchar(255),
        primary key (patient_id)
    )
Hibernate: 
    create table slot (
        available_slots integer,
        center_center_id integer not null,
        date date,
        end_time time(6),
        id integer generated by default as identity,
        start_time time(6),
        primary key (id)
    )
Hibernate: 
    create table vaccine (
        expiry_date date,
        manufacturing_date date,
        vaccine_id integer generated by default as identity,
        description varchar(255),
        vaccine_name varchar(255),
        primary key (vaccine_id)
    )
Hibernate: 
    alter table if exists appointment 
       add constraint FKtgsohxc6t4t9wf5c0s6lvb01l 
       foreign key (certificate_certificate_id) 
       references certificate
Hibernate: 
    alter table if exists appointment 
       add constraint FK2vlah44v7jbr62swnit3835kr 
       foreign key (patient_patient_id) 
       references patient
Hibernate: 
    alter table if exists appointment 
       add constraint FK4y0a87r5lchmdgjfh0mxui5bq 
       foreign key (slot_id) 
       references slot
Hibernate: 
    alter table if exists appointment 
       add constraint FKjsnjr225544bmb87a5my2ct1j 
       foreign key (vaccine_vaccine_id) 
       references vaccine
Hibernate: 
    alter table if exists center 
       add constraint FK9ewylm9cbfra3ow1lds0v20ai 
       foreign key (admin_admin_id) 
       references admin
Hibernate: 
    alter table if exists center_vaccine_map 
       add constraint FKhikh258tbnarrtj9613tuu8sq 
       foreign key (vaccine_map_vaccine_id) 
       references vaccine
Hibernate: 
    alter table if exists center_vaccine_map 
       add constraint FKtkh852u0n1cag6875c08q61no 
       foreign key (center_center_id) 
       references center
Hibernate: 
    alter table if exists slot 
       add constraint FKflsy6x4thfia31dn6np7cs2k8 
       foreign key (center_center_id) 
       references center
2024-03-06T12:49:15.380+05:30  INFO 21384 --- [    Test worker] j.LocalContainerEntityManagerFactoryBean : Initialized JPA EntityManagerFactory for persistence unit 'default'
2024-03-06T12:49:16.032+05:30  INFO 21384 --- [    Test worker] o.s.d.j.r.query.QueryEnhancerFactory     : Hibernate is in classpath; If applicable, HQL parser will be used.
2024-03-06T12:49:17.064+05:30  WARN 21384 --- [    Test worker] JpaBaseConfiguration$JpaWebConfiguration : spring.jpa.open-in-view is enabled by default. Therefore, database queries may be performed during view rendering. Explicitly configure spring.jpa.open-in-view to disable this warning
2024-03-06T12:49:17.915+05:30  INFO 21384 --- [    Test worker] o.s.b.a.h2.H2ConsoleAutoConfiguration    : H2 console available at '/h2-console'. Database available at 'jdbc:h2:file:./data/vaccine-app'
2024-03-06T12:49:17.999+05:30  INFO 21384 --- [    Test worker] c.j.v.c.CertificateAPITest               : Started CertificateAPITest in 6.78 seconds (process running for 8.214)
Hibernate: 
    select
        c1_0.certificate_id,
        a1_0.booking_id,
        a1_0.booking_date,
        a1_0.patient_patient_id,
        p1_0.patient_id,
        p1_0.address,
        p1_0.email,
        p1_0.password,
        p1_0.patient_name,
        p1_0.phone_number,
        p1_0.registration_date,
        a1_0.slot_id,
        s1_0.id,
        s1_0.available_slots,
        s1_0.center_center_id,
        c2_0.center_id,
        c2_0.address,
        a2_0.admin_id,
        a2_0.admin_name,
        a2_0.admin_type,
        a2_0.email,
        a2_0.password,
        a2_0.phone_number,
        c2_0.center_name,
        c2_0.contact_number,
        c2_0.district,
        c2_0.pincode,
        c2_0.state,
        vm1_0.center_center_id,
        vm1_1.vaccine_id,
        vm1_1.description,
        vm1_1.expiry_date,
        vm1_1.manufacturing_date,
        vm1_1.vaccine_name,
        s1_0.date,
        s1_0.end_time,
        s1_0.start_time,
        v1_0.vaccine_id,
        v1_0.description,
        v1_0.expiry_date,
        v1_0.manufacturing_date,
        v1_0.vaccine_name,
        a1_0.vaccine_status,
        c1_0.approved_status,
        c1_0.certificate_url,
        c1_0.date_of_vaccination 
    from
        certificate c1_0 
    left join
        appointment a1_0 
            on c1_0.certificate_id=a1_0.certificate_certificate_id 
    left join
        patient p1_0 
            on p1_0.patient_id=a1_0.patient_patient_id 
    left join
        slot s1_0 
            on s1_0.id=a1_0.slot_id 
    left join
        center c2_0 
            on c2_0.center_id=s1_0.center_center_id 
    left join
        admin a2_0 
            on a2_0.admin_id=c2_0.admin_admin_id 
    left join
        center_vaccine_map vm1_0 
            on c2_0.center_id=vm1_0.center_center_id 
    left join
        vaccine vm1_1 
            on vm1_1.vaccine_id=vm1_0.vaccine_map_vaccine_id 
    left join
        vaccine v1_0 
            on v1_0.vaccine_id=a1_0.vaccine_vaccine_id 
    where
        c1_0.certificate_id=?
Hibernate: 
    select
        c1_0.certificate_id,
        a1_0.booking_id,
        a1_0.booking_date,
        a1_0.patient_patient_id,
        p1_0.patient_id,
        p1_0.address,
        p1_0.email,
        p1_0.password,
        p1_0.patient_name,
        p1_0.phone_number,
        p1_0.registration_date,
        a1_0.slot_id,
        s1_0.id,
        s1_0.available_slots,
        s1_0.center_center_id,
        c2_0.center_id,
        c2_0.address,
        a2_0.admin_id,
        a2_0.admin_name,
        a2_0.admin_type,
        a2_0.email,
        a2_0.password,
        a2_0.phone_number,
        c2_0.center_name,
        c2_0.contact_number,
        c2_0.district,
        c2_0.pincode,
        c2_0.state,
        vm1_0.center_center_id,
        vm1_1.vaccine_id,
        vm1_1.description,
        vm1_1.expiry_date,
        vm1_1.manufacturing_date,
        vm1_1.vaccine_name,
        s1_0.date,
        s1_0.end_time,
        s1_0.start_time,
        v1_0.vaccine_id,
        v1_0.description,
        v1_0.expiry_date,
        v1_0.manufacturing_date,
        v1_0.vaccine_name,
        a1_0.vaccine_status,
        c1_0.approved_status,
        c1_0.certificate_url,
        c1_0.date_of_vaccination 
    from
        certificate c1_0 
    left join
        appointment a1_0 
            on c1_0.certificate_id=a1_0.certificate_certificate_id 
    left join
        patient p1_0 
            on p1_0.patient_id=a1_0.patient_patient_id 
    left join
        slot s1_0 
            on s1_0.id=a1_0.slot_id 
    left join
        center c2_0 
            on c2_0.center_id=s1_0.center_center_id 
    left join
        admin a2_0 
            on a2_0.admin_id=c2_0.admin_admin_id 
    left join
        center_vaccine_map vm1_0 
            on c2_0.center_id=vm1_0.center_center_id 
    left join
        vaccine vm1_1 
            on vm1_1.vaccine_id=vm1_0.vaccine_map_vaccine_id 
    left join
        vaccine v1_0 
            on v1_0.vaccine_id=a1_0.vaccine_vaccine_id 
    where
        c1_0.certificate_id=?
Hibernate: 
    select
        c1_0.certificate_id,
        a1_0.booking_id,
        a1_0.booking_date,
        a1_0.patient_patient_id,
        p1_0.patient_id,
        p1_0.address,
        p1_0.email,
        p1_0.password,
        p1_0.patient_name,
        p1_0.phone_number,
        p1_0.registration_date,
        a1_0.slot_id,
        s1_0.id,
        s1_0.available_slots,
        s1_0.center_center_id,
        c2_0.center_id,
        c2_0.address,
        a2_0.admin_id,
        a2_0.admin_name,
        a2_0.admin_type,
        a2_0.email,
        a2_0.password,
        a2_0.phone_number,
        c2_0.center_name,
        c2_0.contact_number,
        c2_0.district,
        c2_0.pincode,
        c2_0.state,
        vm1_0.center_center_id,
        vm1_1.vaccine_id,
        vm1_1.description,
        vm1_1.expiry_date,
        vm1_1.manufacturing_date,
        vm1_1.vaccine_name,
        s1_0.date,
        s1_0.end_time,
        s1_0.start_time,
        v1_0.vaccine_id,
        v1_0.description,
        v1_0.expiry_date,
        v1_0.manufacturing_date,
        v1_0.vaccine_name,
        a1_0.vaccine_status,
        c1_0.approved_status,
        c1_0.certificate_url,
        c1_0.date_of_vaccination 
    from
        certificate c1_0 
    left join
        appointment a1_0 
            on c1_0.certificate_id=a1_0.certificate_certificate_id 
    left join
        patient p1_0 
            on p1_0.patient_id=a1_0.patient_patient_id 
    left join
        slot s1_0 
            on s1_0.id=a1_0.slot_id 
    left join
        center c2_0 
            on c2_0.center_id=s1_0.center_center_id 
    left join
        admin a2_0 
            on a2_0.admin_id=c2_0.admin_admin_id 
    left join
        center_vaccine_map vm1_0 
            on c2_0.center_id=vm1_0.center_center_id 
    left join
        vaccine vm1_1 
            on vm1_1.vaccine_id=vm1_0.vaccine_map_vaccine_id 
    left join
        vaccine v1_0 
            on v1_0.vaccine_id=a1_0.vaccine_vaccine_id 
    where
        c1_0.certificate_id=?
Hibernate: 
    select
        c1_0.certificate_id,
        c1_0.approved_status,
        c1_0.certificate_url,
        c1_0.date_of_vaccination 
    from
        certificate c1_0
Hibernate: 
    select
        c1_0.certificate_id,
        a1_0.booking_id,
        a1_0.booking_date,
        a1_0.patient_patient_id,
        p1_0.patient_id,
        p1_0.address,
        p1_0.email,
        p1_0.password,
        p1_0.patient_name,
        p1_0.phone_number,
        p1_0.registration_date,
        a1_0.slot_id,
        s1_0.id,
        s1_0.available_slots,
        s1_0.center_center_id,
        c2_0.center_id,
        c2_0.address,
        a2_0.admin_id,
        a2_0.admin_name,
        a2_0.admin_type,
        a2_0.email,
        a2_0.password,
        a2_0.phone_number,
        c2_0.center_name,
        c2_0.contact_number,
        c2_0.district,
        c2_0.pincode,
        c2_0.state,
        vm1_0.center_center_id,
        vm1_1.vaccine_id,
        vm1_1.description,
        vm1_1.expiry_date,
        vm1_1.manufacturing_date,
        vm1_1.vaccine_name,
        s1_0.date,
        s1_0.end_time,
        s1_0.start_time,
        v1_0.vaccine_id,
        v1_0.description,
        v1_0.expiry_date,
        v1_0.manufacturing_date,
        v1_0.vaccine_name,
        a1_0.vaccine_status,
        c1_0.approved_status,
        c1_0.certificate_url,
        c1_0.date_of_vaccination 
    from
        certificate c1_0 
    left join
        appointment a1_0 
            on c1_0.certificate_id=a1_0.certificate_certificate_id 
    left join
        patient p1_0 
            on p1_0.patient_id=a1_0.patient_patient_id 
    left join
        slot s1_0 
            on s1_0.id=a1_0.slot_id 
    left join
        center c2_0 
            on c2_0.center_id=s1_0.center_center_id 
    left join
        admin a2_0 
            on a2_0.admin_id=c2_0.admin_admin_id 
    left join
        center_vaccine_map vm1_0 
            on c2_0.center_id=vm1_0.center_center_id 
    left join
        vaccine vm1_1 
            on vm1_1.vaccine_id=vm1_0.vaccine_map_vaccine_id 
    left join
        vaccine v1_0 
            on v1_0.vaccine_id=a1_0.vaccine_vaccine_id 
    where
        c1_0.certificate_id=?
Hibernate: 
    select
        c1_0.certificate_id,
        a1_0.booking_id,
        a1_0.booking_date,
        a1_0.patient_patient_id,
        p1_0.patient_id,
        p1_0.address,
        p1_0.email,
        p1_0.password,
        p1_0.patient_name,
        p1_0.phone_number,
        p1_0.registration_date,
        a1_0.slot_id,
        s1_0.id,
        s1_0.available_slots,
        s1_0.center_center_id,
        c2_0.center_id,
        c2_0.address,
        a2_0.admin_id,
        a2_0.admin_name,
        a2_0.admin_type,
        a2_0.email,
        a2_0.password,
        a2_0.phone_number,
        c2_0.center_name,
        c2_0.contact_number,
        c2_0.district,
        c2_0.pincode,
        c2_0.state,
        vm1_0.center_center_id,
        vm1_1.vaccine_id,
        vm1_1.description,
        vm1_1.expiry_date,
        vm1_1.manufacturing_date,
        vm1_1.vaccine_name,
        s1_0.date,
        s1_0.end_time,
        s1_0.start_time,
        v1_0.vaccine_id,
        v1_0.description,
        v1_0.expiry_date,
        v1_0.manufacturing_date,
        v1_0.vaccine_name,
        a1_0.vaccine_status,
        c1_0.approved_status,
        c1_0.certificate_url,
        c1_0.date_of_vaccination 
    from
        certificate c1_0 
    left join
        appointment a1_0 
            on c1_0.certificate_id=a1_0.certificate_certificate_id 
    left join
        patient p1_0 
            on p1_0.patient_id=a1_0.patient_patient_id 
    left join
        slot s1_0 
            on s1_0.id=a1_0.slot_id 
    left join
        center c2_0 
            on c2_0.center_id=s1_0.center_center_id 
    left join
        admin a2_0 
            on a2_0.admin_id=c2_0.admin_admin_id 
    left join
        center_vaccine_map vm1_0 
            on c2_0.center_id=vm1_0.center_center_id 
    left join
        vaccine vm1_1 
            on vm1_1.vaccine_id=vm1_0.vaccine_map_vaccine_id 
    left join
        vaccine v1_0 
            on v1_0.vaccine_id=a1_0.vaccine_vaccine_id 
    where
        c1_0.certificate_id=?
Hibernate: 
    select
        c1_0.certificate_id,
        a1_0.booking_id,
        a1_0.booking_date,
        a1_0.patient_patient_id,
        p1_0.patient_id,
        p1_0.address,
        p1_0.email,
        p1_0.password,
        p1_0.patient_name,
        p1_0.phone_number,
        p1_0.registration_date,
        a1_0.slot_id,
        s1_0.id,
        s1_0.available_slots,
        s1_0.center_center_id,
        c2_0.center_id,
        c2_0.address,
        a2_0.admin_id,
        a2_0.admin_name,
        a2_0.admin_type,
        a2_0.email,
        a2_0.password,
        a2_0.phone_number,
        c2_0.center_name,
        c2_0.contact_number,
        c2_0.district,
        c2_0.pincode,
        c2_0.state,
        vm1_0.center_center_id,
        vm1_1.vaccine_id,
        vm1_1.description,
        vm1_1.expiry_date,
        vm1_1.manufacturing_date,
        vm1_1.vaccine_name,
        s1_0.date,
        s1_0.end_time,
        s1_0.start_time,
        v1_0.vaccine_id,
        v1_0.description,
        v1_0.expiry_date,
        v1_0.manufacturing_date,
        v1_0.vaccine_name,
        a1_0.vaccine_status,
        c1_0.approved_status,
        c1_0.certificate_url,
        c1_0.date_of_vaccination 
    from
        certificate c1_0 
    left join
        appointment a1_0 
            on c1_0.certificate_id=a1_0.certificate_certificate_id 
    left join
        patient p1_0 
            on p1_0.patient_id=a1_0.patient_patient_id 
    left join
        slot s1_0 
            on s1_0.id=a1_0.slot_id 
    left join
        center c2_0 
            on c2_0.center_id=s1_0.center_center_id 
    left join
        admin a2_0 
            on a2_0.admin_id=c2_0.admin_admin_id 
    left join
        center_vaccine_map vm1_0 
            on c2_0.center_id=vm1_0.center_center_id 
    left join
        vaccine vm1_1 
            on vm1_1.vaccine_id=vm1_0.vaccine_map_vaccine_id 
    left join
        vaccine v1_0 
            on v1_0.vaccine_id=a1_0.vaccine_vaccine_id 
    where
        c1_0.certificate_id=?
Hibernate: 
    select
        c1_0.certificate_id,
        a1_0.booking_id,
        a1_0.booking_date,
        a1_0.patient_patient_id,
        p1_0.patient_id,
        p1_0.address,
        p1_0.email,
        p1_0.password,
        p1_0.patient_name,
        p1_0.phone_number,
        p1_0.registration_date,
        a1_0.slot_id,
        s1_0.id,
        s1_0.available_slots,
        s1_0.center_center_id,
        c2_0.center_id,
        c2_0.address,
        a2_0.admin_id,
        a2_0.admin_name,
        a2_0.admin_type,
        a2_0.email,
        a2_0.password,
        a2_0.phone_number,
        c2_0.center_name,
        c2_0.contact_number,
        c2_0.district,
        c2_0.pincode,
        c2_0.state,
        vm1_0.center_center_id,
        vm1_1.vaccine_id,
        vm1_1.description,
        vm1_1.expiry_date,
        vm1_1.manufacturing_date,
        vm1_1.vaccine_name,
        s1_0.date,
        s1_0.end_time,
        s1_0.start_time,
        v1_0.vaccine_id,
        v1_0.description,
        v1_0.expiry_date,
        v1_0.manufacturing_date,
        v1_0.vaccine_name,
        a1_0.vaccine_status,
        c1_0.approved_status,
        c1_0.certificate_url,
        c1_0.date_of_vaccination 
    from
        certificate c1_0 
    left join
        appointment a1_0 
            on c1_0.certificate_id=a1_0.certificate_certificate_id 
    left join
        patient p1_0 
            on p1_0.patient_id=a1_0.patient_patient_id 
    left join
        slot s1_0 
            on s1_0.id=a1_0.slot_id 
    left join
        center c2_0 
            on c2_0.center_id=s1_0.center_center_id 
    left join
        admin a2_0 
            on a2_0.admin_id=c2_0.admin_admin_id 
    left join
        center_vaccine_map vm1_0 
            on c2_0.center_id=vm1_0.center_center_id 
    left join
        vaccine vm1_1 
            on vm1_1.vaccine_id=vm1_0.vaccine_map_vaccine_id 
    left join
        vaccine v1_0 
            on v1_0.vaccine_id=a1_0.vaccine_vaccine_id 
    where
        c1_0.certificate_id=?
Hibernate: 
    select
        c1_0.certificate_id,
        a1_0.booking_id,
        a1_0.booking_date,
        a1_0.patient_patient_id,
        p1_0.patient_id,
        p1_0.address,
        p1_0.email,
        p1_0.password,
        p1_0.patient_name,
        p1_0.phone_number,
        p1_0.registration_date,
        a1_0.slot_id,
        s1_0.id,
        s1_0.available_slots,
        s1_0.center_center_id,
        c2_0.center_id,
        c2_0.address,
        a2_0.admin_id,
        a2_0.admin_name,
        a2_0.admin_type,
        a2_0.email,
        a2_0.password,
        a2_0.phone_number,
        c2_0.center_name,
        c2_0.contact_number,
        c2_0.district,
        c2_0.pincode,
        c2_0.state,
        vm1_0.center_center_id,
        vm1_1.vaccine_id,
        vm1_1.description,
        vm1_1.expiry_date,
        vm1_1.manufacturing_date,
        vm1_1.vaccine_name,
        s1_0.date,
        s1_0.end_time,
        s1_0.start_time,
        v1_0.vaccine_id,
        v1_0.description,
        v1_0.expiry_date,
        v1_0.manufacturing_date,
        v1_0.vaccine_name,
        a1_0.vaccine_status,
        c1_0.approved_status,
        c1_0.certificate_url,
        c1_0.date_of_vaccination 
    from
        certificate c1_0 
    left join
        appointment a1_0 
            on c1_0.certificate_id=a1_0.certificate_certificate_id 
    left join
        patient p1_0 
            on p1_0.patient_id=a1_0.patient_patient_id 
    left join
        slot s1_0 
            on s1_0.id=a1_0.slot_id 
    left join
        center c2_0 
            on c2_0.center_id=s1_0.center_center_id 
    left join
        admin a2_0 
            on a2_0.admin_id=c2_0.admin_admin_id 
    left join
        center_vaccine_map vm1_0 
            on c2_0.center_id=vm1_0.center_center_id 
    left join
        vaccine vm1_1 
            on vm1_1.vaccine_id=vm1_0.vaccine_map_vaccine_id 
    left join
        vaccine v1_0 
            on v1_0.vaccine_id=a1_0.vaccine_vaccine_id 
    where
        c1_0.certificate_id=?
Hibernate: 
    select
        c1_0.certificate_id,
        a1_0.booking_id,
        a1_0.booking_date,
        a1_0.patient_patient_id,
        p1_0.patient_id,
        p1_0.address,
        p1_0.email,
        p1_0.password,
        p1_0.patient_name,
        p1_0.phone_number,
        p1_0.registration_date,
        a1_0.slot_id,
        s1_0.id,
        s1_0.available_slots,
        s1_0.center_center_id,
        c2_0.center_id,
        c2_0.address,
        a2_0.admin_id,
        a2_0.admin_name,
        a2_0.admin_type,
        a2_0.email,
        a2_0.password,
        a2_0.phone_number,
        c2_0.center_name,
        c2_0.contact_number,
        c2_0.district,
        c2_0.pincode,
        c2_0.state,
        vm1_0.center_center_id,
        vm1_1.vaccine_id,
        vm1_1.description,
        vm1_1.expiry_date,
        vm1_1.manufacturing_date,
        vm1_1.vaccine_name,
        s1_0.date,
        s1_0.end_time,
        s1_0.start_time,
        v1_0.vaccine_id,
        v1_0.description,
        v1_0.expiry_date,
        v1_0.manufacturing_date,
        v1_0.vaccine_name,
        a1_0.vaccine_status,
        c1_0.approved_status,
        c1_0.certificate_url,
        c1_0.date_of_vaccination 
    from
        certificate c1_0 
    left join
        appointment a1_0 
            on c1_0.certificate_id=a1_0.certificate_certificate_id 
    left join
        patient p1_0 
            on p1_0.patient_id=a1_0.patient_patient_id 
    left join
        slot s1_0 
            on s1_0.id=a1_0.slot_id 
    left join
        center c2_0 
            on c2_0.center_id=s1_0.center_center_id 
    left join
        admin a2_0 
            on a2_0.admin_id=c2_0.admin_admin_id 
    left join
        center_vaccine_map vm1_0 
            on c2_0.center_id=vm1_0.center_center_id 
    left join
        vaccine vm1_1 
            on vm1_1.vaccine_id=vm1_0.vaccine_map_vaccine_id 
    left join
        vaccine v1_0 
            on v1_0.vaccine_id=a1_0.vaccine_vaccine_id 
    where
        c1_0.certificate_id=?
Hibernate: 
    select
        c1_0.certificate_id,
        a1_0.booking_id,
        a1_0.booking_date,
        a1_0.patient_patient_id,
        p1_0.patient_id,
        p1_0.address,
        p1_0.email,
        p1_0.password,
        p1_0.patient_name,
        p1_0.phone_number,
        p1_0.registration_date,
        a1_0.slot_id,
        s1_0.id,
        s1_0.available_slots,
        s1_0.center_center_id,
        c2_0.center_id,
        c2_0.address,
        a2_0.admin_id,
        a2_0.admin_name,
        a2_0.admin_type,
        a2_0.email,
        a2_0.password,
        a2_0.phone_number,
        c2_0.center_name,
        c2_0.contact_number,
        c2_0.district,
        c2_0.pincode,
        c2_0.state,
        vm1_0.center_center_id,
        vm1_1.vaccine_id,
        vm1_1.description,
        vm1_1.expiry_date,
        vm1_1.manufacturing_date,
        vm1_1.vaccine_name,
        s1_0.date,
        s1_0.end_time,
        s1_0.start_time,
        v1_0.vaccine_id,
        v1_0.description,
        v1_0.expiry_date,
        v1_0.manufacturing_date,
        v1_0.vaccine_name,
        a1_0.vaccine_status,
        c1_0.approved_status,
        c1_0.certificate_url,
        c1_0.date_of_vaccination 
    from
        certificate c1_0 
    left join
        appointment a1_0 
            on c1_0.certificate_id=a1_0.certificate_certificate_id 
    left join
        patient p1_0 
            on p1_0.patient_id=a1_0.patient_patient_id 
    left join
        slot s1_0 
            on s1_0.id=a1_0.slot_id 
    left join
        center c2_0 
            on c2_0.center_id=s1_0.center_center_id 
    left join
        admin a2_0 
            on a2_0.admin_id=c2_0.admin_admin_id 
    left join
        center_vaccine_map vm1_0 
            on c2_0.center_id=vm1_0.center_center_id 
    left join
        vaccine vm1_1 
            on vm1_1.vaccine_id=vm1_0.vaccine_map_vaccine_id 
    left join
        vaccine v1_0 
            on v1_0.vaccine_id=a1_0.vaccine_vaccine_id 
    where
        c1_0.certificate_id=?
Hibernate: 
    select
        c1_0.certificate_id,
        a1_0.booking_id,
        a1_0.booking_date,
        a1_0.patient_patient_id,
        p1_0.patient_id,
        p1_0.address,
        p1_0.email,
        p1_0.password,
        p1_0.patient_name,
        p1_0.phone_number,
        p1_0.registration_date,
        a1_0.slot_id,
        s1_0.id,
        s1_0.available_slots,
        s1_0.center_center_id,
        c2_0.center_id,
        c2_0.address,
        a2_0.admin_id,
        a2_0.admin_name,
        a2_0.admin_type,
        a2_0.email,
        a2_0.password,
        a2_0.phone_number,
        c2_0.center_name,
        c2_0.contact_number,
        c2_0.district,
        c2_0.pincode,
        c2_0.state,
        vm1_0.center_center_id,
        vm1_1.vaccine_id,
        vm1_1.description,
        vm1_1.expiry_date,
        vm1_1.manufacturing_date,
        vm1_1.vaccine_name,
        s1_0.date,
        s1_0.end_time,
        s1_0.start_time,
        v1_0.vaccine_id,
        v1_0.description,
        v1_0.expiry_date,
        v1_0.manufacturing_date,
        v1_0.vaccine_name,
        a1_0.vaccine_status,
        c1_0.approved_status,
        c1_0.certificate_url,
        c1_0.date_of_vaccination 
    from
        certificate c1_0 
    left join
        appointment a1_0 
            on c1_0.certificate_id=a1_0.certificate_certificate_id 
    left join
        patient p1_0 
            on p1_0.patient_id=a1_0.patient_patient_id 
    left join
        slot s1_0 
            on s1_0.id=a1_0.slot_id 
    left join
        center c2_0 
            on c2_0.center_id=s1_0.center_center_id 
    left join
        admin a2_0 
            on a2_0.admin_id=c2_0.admin_admin_id 
    left join
        center_vaccine_map vm1_0 
            on c2_0.center_id=vm1_0.center_center_id 
    left join
        vaccine vm1_1 
            on vm1_1.vaccine_id=vm1_0.vaccine_map_vaccine_id 
    left join
        vaccine v1_0 
            on v1_0.vaccine_id=a1_0.vaccine_vaccine_id 
    where
        c1_0.certificate_id=?
Hibernate: 
    select
        c1_0.certificate_id,
        a1_0.booking_id,
        a1_0.booking_date,
        a1_0.patient_patient_id,
        p1_0.patient_id,
        p1_0.address,
        p1_0.email,
        p1_0.password,
        p1_0.patient_name,
        p1_0.phone_number,
        p1_0.registration_date,
        a1_0.slot_id,
        s1_0.id,
        s1_0.available_slots,
        s1_0.center_center_id,
        c2_0.center_id,
        c2_0.address,
        a2_0.admin_id,
        a2_0.admin_name,
        a2_0.admin_type,
        a2_0.email,
        a2_0.password,
        a2_0.phone_number,
        c2_0.center_name,
        c2_0.contact_number,
        c2_0.district,
        c2_0.pincode,
        c2_0.state,
        vm1_0.center_center_id,
        vm1_1.vaccine_id,
        vm1_1.description,
        vm1_1.expiry_date,
        vm1_1.manufacturing_date,
        vm1_1.vaccine_name,
        s1_0.date,
        s1_0.end_time,
        s1_0.start_time,
        v1_0.vaccine_id,
        v1_0.description,
        v1_0.expiry_date,
        v1_0.manufacturing_date,
        v1_0.vaccine_name,
        a1_0.vaccine_status,
        c1_0.approved_status,
        c1_0.certificate_url,
        c1_0.date_of_vaccination 
    from
        certificate c1_0 
    left join
        appointment a1_0 
            on c1_0.certificate_id=a1_0.certificate_certificate_id 
    left join
        patient p1_0 
            on p1_0.patient_id=a1_0.patient_patient_id 
    left join
        slot s1_0 
            on s1_0.id=a1_0.slot_id 
    left join
        center c2_0 
            on c2_0.center_id=s1_0.center_center_id 
    left join
        admin a2_0 
            on a2_0.admin_id=c2_0.admin_admin_id 
    left join
        center_vaccine_map vm1_0 
            on c2_0.center_id=vm1_0.center_center_id 
    left join
        vaccine vm1_1 
            on vm1_1.vaccine_id=vm1_0.vaccine_map_vaccine_id 
    left join
        vaccine v1_0 
            on v1_0.vaccine_id=a1_0.vaccine_vaccine_id 
    where
        c1_0.certificate_id=?
]]></system-out>
  <system-err><![CDATA[WARNING: A Java agent has been loaded dynamically (C:\Users\sravi41\.gradle\caches\modules-2\files-2.1\net.bytebuddy\byte-buddy-agent\1.14.11\f9cb566608fbac6bc7bf54901a7aa11543a989ee\byte-buddy-agent-1.14.11.jar)
WARNING: If a serviceability tool is in use, please run with -XX:+EnableDynamicAgentLoading to hide this warning
WARNING: If a serviceability tool is not in use, please run with -Djdk.instrument.traceUsage for more information
WARNING: Dynamic loading of agents will be disallowed by default in a future release
]]></system-err>
</testsuite>
